{"/home/travis/build/npmtest/node-npmtest-topojson/test.js":{"path":"/home/travis/build/npmtest/node-npmtest-topojson/test.js","s":{"1":2,"2":2,"3":2,"4":2,"5":2,"6":2,"7":2,"8":1,"9":2,"10":2,"11":1,"12":1,"13":1,"14":1,"15":2,"16":2,"17":2,"18":2,"19":1,"20":1,"21":2,"22":2,"23":2,"24":1,"25":1,"26":1,"27":1,"28":1,"29":1,"30":1,"31":1,"32":1,"33":1,"34":1,"35":1,"36":1,"37":1,"38":1,"39":2,"40":2,"41":1,"42":2,"43":2,"44":1,"45":2,"46":2,"47":1,"48":2,"49":2,"50":1,"51":1,"52":1,"53":1,"54":1},"b":{"1":[2,1,1,1],"2":[1,1,1,1],"3":[1,1],"4":[1,1],"5":[1,1],"6":[1,1],"7":[1,1],"8":[1,1],"9":[1,1],"10":[1,1,1],"11":[1,1],"12":[1,1],"13":[1,1],"14":[1,1],"15":[1,1],"16":[1,1],"17":[1,1]},"f":{"1":2,"2":2,"3":2,"4":2,"5":2,"6":1,"7":1,"8":1,"9":2,"10":2,"11":2,"12":2,"13":1},"fnMap":{"1":{"name":"(anonymous_1)","line":12,"loc":{"start":{"line":12,"column":1},"end":{"line":12,"column":13}}},"2":{"name":"(anonymous_2)","line":19,"loc":{"start":{"line":19,"column":5},"end":{"line":19,"column":17}}},"3":{"name":"(anonymous_3)","line":23,"loc":{"start":{"line":23,"column":24},"end":{"line":23,"column":36}}},"4":{"name":"(anonymous_4)","line":61,"loc":{"start":{"line":61,"column":5},"end":{"line":61,"column":17}}},"5":{"name":"(anonymous_5)","line":82,"loc":{"start":{"line":82,"column":5},"end":{"line":82,"column":17}}},"6":{"name":"(anonymous_6)","line":91,"loc":{"start":{"line":91,"column":77},"end":{"line":94,"column":10}}},"7":{"name":"(anonymous_7)","line":112,"loc":{"start":{"line":112,"column":83},"end":{"line":115,"column":10}},"skip":true},"8":{"name":"(anonymous_8)","line":123,"loc":{"start":{"line":123,"column":77},"end":{"line":126,"column":10}},"skip":true},"9":{"name":"(anonymous_9)","line":139,"loc":{"start":{"line":139,"column":12},"end":{"line":139,"column":40}},"skip":true},"10":{"name":"(anonymous_10)","line":147,"loc":{"start":{"line":147,"column":77},"end":{"line":150,"column":10}},"skip":true},"11":{"name":"(anonymous_11)","line":158,"loc":{"start":{"line":158,"column":83},"end":{"line":161,"column":10}},"skip":true},"12":{"name":"(anonymous_12)","line":169,"loc":{"start":{"line":169,"column":79},"end":{"line":172,"column":10}},"skip":true},"13":{"name":"(anonymous_13)","line":180,"loc":{"start":{"line":180,"column":75},"end":{"line":183,"column":10}},"skip":true}},"statementMap":{"1":{"start":{"line":12,"column":0},"end":{"line":195,"column":5}},"2":{"start":{"line":14,"column":4},"end":{"line":14,"column":14}},"3":{"start":{"line":19,"column":4},"end":{"line":56,"column":9}},"4":{"start":{"line":21,"column":8},"end":{"line":21,"column":19}},"5":{"start":{"line":23,"column":8},"end":{"line":35,"column":13}},"6":{"start":{"line":24,"column":12},"end":{"line":34,"column":13}},"7":{"start":{"line":25,"column":16},"end":{"line":28,"column":30}},"8":{"start":{"line":30,"column":16},"end":{"line":33,"column":27}},"9":{"start":{"line":37,"column":8},"end":{"line":39,"column":21}},"10":{"start":{"line":40,"column":8},"end":{"line":53,"column":9}},"11":{"start":{"line":43,"column":12},"end":{"line":46,"column":14}},"12":{"start":{"line":47,"column":12},"end":{"line":47,"column":18}},"13":{"start":{"line":50,"column":12},"end":{"line":51,"column":33}},"14":{"start":{"line":52,"column":12},"end":{"line":52,"column":18}},"15":{"start":{"line":55,"column":8},"end":{"line":55,"column":35}},"16":{"start":{"line":61,"column":4},"end":{"line":63,"column":9}},"17":{"start":{"line":62,"column":8},"end":{"line":62,"column":15}},"18":{"start":{"line":64,"column":4},"end":{"line":77,"column":5}},"19":{"start":{"line":70,"column":8},"end":{"line":70,"column":14}},"20":{"start":{"line":76,"column":8},"end":{"line":76,"column":14}},"21":{"start":{"line":82,"column":4},"end":{"line":84,"column":9}},"22":{"start":{"line":83,"column":8},"end":{"line":83,"column":15}},"23":{"start":{"line":85,"column":4},"end":{"line":194,"column":5}},"24":{"start":{"line":91,"column":8},"end":{"line":99,"column":10}},"25":{"start":{"line":98,"column":12},"end":{"line":98,"column":35}},"26":{"start":{"line":102,"column":8},"end":{"line":104,"column":63}},"27":{"start":{"line":105,"column":8},"end":{"line":105,"column":14}},"28":{"start":{"line":112,"column":8},"end":{"line":121,"column":10},"skip":true},"29":{"start":{"line":119,"column":12},"end":{"line":119,"column":55},"skip":true},"30":{"start":{"line":120,"column":12},"end":{"line":120,"column":48},"skip":true},"31":{"start":{"line":123,"column":8},"end":{"line":136,"column":10},"skip":true},"32":{"start":{"line":130,"column":12},"end":{"line":130,"column":76},"skip":true},"33":{"start":{"line":131,"column":12},"end":{"line":131,"column":73},"skip":true},"34":{"start":{"line":132,"column":12},"end":{"line":132,"column":74},"skip":true},"35":{"start":{"line":133,"column":12},"end":{"line":133,"column":79},"skip":true},"36":{"start":{"line":134,"column":12},"end":{"line":134,"column":25},"skip":true},"37":{"start":{"line":135,"column":12},"end":{"line":135,"column":45},"skip":true},"38":{"start":{"line":138,"column":8},"end":{"line":145,"column":14},"skip":true},"39":{"start":{"line":143,"column":16},"end":{"line":143,"column":29},"skip":true},"40":{"start":{"line":144,"column":16},"end":{"line":144,"column":55},"skip":true},"41":{"start":{"line":147,"column":8},"end":{"line":156,"column":10},"skip":true},"42":{"start":{"line":154,"column":12},"end":{"line":154,"column":25},"skip":true},"43":{"start":{"line":155,"column":12},"end":{"line":155,"column":45},"skip":true},"44":{"start":{"line":158,"column":8},"end":{"line":167,"column":10},"skip":true},"45":{"start":{"line":165,"column":12},"end":{"line":165,"column":25},"skip":true},"46":{"start":{"line":166,"column":12},"end":{"line":166,"column":48},"skip":true},"47":{"start":{"line":169,"column":8},"end":{"line":178,"column":10},"skip":true},"48":{"start":{"line":176,"column":12},"end":{"line":176,"column":25},"skip":true},"49":{"start":{"line":177,"column":12},"end":{"line":177,"column":46},"skip":true},"50":{"start":{"line":180,"column":8},"end":{"line":189,"column":10},"skip":true},"51":{"start":{"line":187,"column":12},"end":{"line":187,"column":94},"skip":true},"52":{"start":{"line":188,"column":12},"end":{"line":188,"column":48},"skip":true},"53":{"start":{"line":192,"column":8},"end":{"line":192,"column":35},"skip":true},"54":{"start":{"line":193,"column":8},"end":{"line":193,"column":14},"skip":true}},"branchMap":{"1":{"line":25,"type":"binary-expr","locations":[{"start":{"line":25,"column":23},"end":{"line":25,"column":62}},{"start":{"line":26,"column":20},"end":{"line":26,"column":70}},{"start":{"line":27,"column":20},"end":{"line":27,"column":71}},{"start":{"line":28,"column":20},"end":{"line":28,"column":29}}]},"2":{"line":30,"type":"binary-expr","locations":[{"start":{"line":30,"column":23},"end":{"line":30,"column":37}},{"start":{"line":31,"column":20},"end":{"line":31,"column":61}},{"start":{"line":32,"column":20},"end":{"line":32,"column":70}},{"start":{"line":33,"column":20},"end":{"line":33,"column":26}}]},"3":{"line":37,"type":"cond-expr","locations":[{"start":{"line":38,"column":14},"end":{"line":38,"column":20}},{"start":{"line":39,"column":14},"end":{"line":39,"column":20}}]},"4":{"line":40,"type":"switch","locations":[{"start":{"line":42,"column":8},"end":{"line":47,"column":18}},{"start":{"line":49,"column":8},"end":{"line":52,"column":18}}]},"5":{"line":44,"type":"binary-expr","locations":[{"start":{"line":44,"column":16},"end":{"line":44,"column":44}},{"start":{"line":44,"column":48},"end":{"line":44,"column":66}}]},"6":{"line":50,"type":"binary-expr","locations":[{"start":{"line":50,"column":21},"end":{"line":50,"column":49}},{"start":{"line":50,"column":53},"end":{"line":50,"column":72}}]},"7":{"line":64,"type":"switch","locations":[{"start":{"line":69,"column":4},"end":{"line":70,"column":14}},{"start":{"line":75,"column":4},"end":{"line":76,"column":14}}]},"8":{"line":85,"type":"switch","locations":[{"start":{"line":90,"column":4},"end":{"line":105,"column":14}},{"start":{"line":111,"column":4},"end":{"line":193,"column":14},"skip":true}]},"9":{"line":91,"type":"binary-expr","locations":[{"start":{"line":91,"column":42},"end":{"line":91,"column":73}},{"start":{"line":91,"column":77},"end":{"line":99,"column":9}}]},"10":{"line":102,"type":"binary-expr","locations":[{"start":{"line":102,"column":18},"end":{"line":102,"column":32}},{"start":{"line":103,"column":12},"end":{"line":103,"column":53}},{"start":{"line":104,"column":12},"end":{"line":104,"column":61}}]},"11":{"line":112,"type":"binary-expr","locations":[{"start":{"line":112,"column":45},"end":{"line":112,"column":79},"skip":true},{"start":{"line":112,"column":83},"end":{"line":121,"column":9},"skip":true}]},"12":{"line":123,"type":"binary-expr","locations":[{"start":{"line":123,"column":42},"end":{"line":123,"column":73},"skip":true},{"start":{"line":123,"column":77},"end":{"line":136,"column":9},"skip":true}]},"13":{"line":138,"type":"binary-expr","locations":[{"start":{"line":138,"column":48},"end":{"line":138,"column":85},"skip":true},{"start":{"line":139,"column":12},"end":{"line":145,"column":13},"skip":true}]},"14":{"line":147,"type":"binary-expr","locations":[{"start":{"line":147,"column":42},"end":{"line":147,"column":73},"skip":true},{"start":{"line":147,"column":77},"end":{"line":156,"column":9},"skip":true}]},"15":{"line":158,"type":"binary-expr","locations":[{"start":{"line":158,"column":45},"end":{"line":158,"column":79},"skip":true},{"start":{"line":158,"column":83},"end":{"line":167,"column":9},"skip":true}]},"16":{"line":169,"type":"binary-expr","locations":[{"start":{"line":169,"column":43},"end":{"line":169,"column":75},"skip":true},{"start":{"line":169,"column":79},"end":{"line":178,"column":9},"skip":true}]},"17":{"line":180,"type":"binary-expr","locations":[{"start":{"line":180,"column":41},"end":{"line":180,"column":71},"skip":true},{"start":{"line":180,"column":75},"end":{"line":189,"column":9},"skip":true}]}},"code":["/* istanbul instrument in package npmtest_topojson */","/*jslint","    bitwise: true,","    browser: true,","    maxerr: 8,","    maxlen: 96,","    node: true,","    nomen: true,","    regexp: true,","    stupid: true","*/","(function () {","    'use strict';","    var local;","","","","    // run shared js-env code - init-before","    (function () {","        // init local","        local = {};","        // init modeJs","        local.modeJs = (function () {","            try {","                return typeof navigator.userAgent === 'string' &&","                    typeof document.querySelector('body') === 'object' &&","                    typeof XMLHttpRequest.prototype.open === 'function' &&","                    'browser';","            } catch (errorCaughtBrowser) {","                return module.exports &&","                    typeof process.versions.node === 'string' &&","                    typeof require('http').createServer === 'function' &&","                    'node';","            }","        }());","        // init global","        local.global = local.modeJs === 'browser'","            ? window","            : global;","        switch (local.modeJs) {","        // re-init local from window.local","        case 'browser':","            local = local.global.utility2.objectSetDefault(","                local.global.utility2_rollup || local.global.local,","                local.global.utility2","            );","            break;","        // re-init local from example.js","        case 'node':","            local = (local.global.utility2_rollup || require('utility2'))","                .requireReadme();","            break;","        }","        // export local","        local.global.local = local;","    }());","","","","    // run shared js-env code - function","    (function () {","        return;","    }());","    switch (local.modeJs) {","","","","    // run browser js-env code - function","    case 'browser':","        break;","","","","    // run node js-env code - function","    case 'node':","        break;","    }","","","","    // run shared js-env code - init-after","    (function () {","        return;","    }());","    switch (local.modeJs) {","","","","    // run browser js-env code - init-after","    case 'browser':","        local.testCase_browser_nullCase = local.testCase_browser_nullCase || function (","            options,","            onError","        ) {","        /*","         * this function will test browsers's null-case handling-behavior-behavior","         */","            onError(null, options);","        };","","        // run tests","        local.nop(local.modeTest &&","            document.querySelector('#testRunButton1') &&","            document.querySelector('#testRunButton1').click());","        break;","","","","    // run node js-env code - init-after","    /* istanbul ignore next */","    case 'node':","        local.testCase_buildApidoc_default = local.testCase_buildApidoc_default || function (","            options,","            onError","        ) {","        /*","         * this function will test buildApidoc's default handling-behavior-behavior","         */","            options = { modulePathList: module.paths };","            local.buildApidoc(options, onError);","        };","","        local.testCase_buildApp_default = local.testCase_buildApp_default || function (","            options,","            onError","        ) {","        /*","         * this function will test buildApp's default handling-behavior-behavior","         */","            local.testCase_buildReadme_default(options, local.onErrorThrow);","            local.testCase_buildLib_default(options, local.onErrorThrow);","            local.testCase_buildTest_default(options, local.onErrorThrow);","            local.testCase_buildCustomOrg_default(options, local.onErrorThrow);","            options = [];","            local.buildApp(options, onError);","        };","","        local.testCase_buildCustomOrg_default = local.testCase_buildCustomOrg_default ||","            function (options, onError) {","            /*","             * this function will test buildCustomOrg's default handling-behavior","             */","                options = {};","                local.buildCustomOrg(options, onError);","            };","","        local.testCase_buildLib_default = local.testCase_buildLib_default || function (","            options,","            onError","        ) {","        /*","         * this function will test buildLib's default handling-behavior","         */","            options = {};","            local.buildLib(options, onError);","        };","","        local.testCase_buildReadme_default = local.testCase_buildReadme_default || function (","            options,","            onError","        ) {","        /*","         * this function will test buildReadme's default handling-behavior-behavior","         */","            options = {};","            local.buildReadme(options, onError);","        };","","        local.testCase_buildTest_default = local.testCase_buildTest_default || function (","            options,","            onError","        ) {","        /*","         * this function will test buildTest's default handling-behavior","         */","            options = {};","            local.buildTest(options, onError);","        };","","        local.testCase_webpage_default = local.testCase_webpage_default || function (","            options,","            onError","        ) {","        /*","         * this function will test webpage's default handling-behavior","         */","            options = { modeCoverageMerge: true, url: local.serverLocalHost + '?modeTest=1' };","            local.browserTest(options, onError);","        };","","        // run test-server","        local.testRunServer(local);","        break;","    }","}());",""],"l":{"12":2,"14":2,"19":2,"21":2,"23":2,"24":2,"25":2,"30":1,"37":2,"40":2,"43":1,"47":1,"50":1,"52":1,"55":2,"61":2,"62":2,"64":2,"70":1,"76":1,"82":2,"83":2,"85":2,"91":1,"98":1,"102":1,"105":1,"112":1,"119":1,"120":1,"123":1,"130":1,"131":1,"132":1,"133":1,"134":1,"135":1,"138":1,"143":2,"144":2,"147":1,"154":2,"155":2,"158":1,"165":2,"166":2,"169":1,"176":2,"177":2,"180":1,"187":1,"188":1,"192":1,"193":1}},"/home/travis/build/npmtest/node-npmtest-topojson/lib.npmtest_topojson.js":{"path":"/home/travis/build/npmtest/node-npmtest-topojson/lib.npmtest_topojson.js","s":{"1":2,"2":2,"3":2,"4":2,"5":2,"6":2,"7":2,"8":1,"9":2,"10":2,"11":2,"12":2,"13":1,"14":1,"15":1,"16":1},"b":{"1":[2,1,1,1],"2":[1,1,1,1],"3":[1,1],"4":[2,2],"5":[1,1]},"f":{"1":2,"2":2,"3":2},"fnMap":{"1":{"name":"(anonymous_1)","line":12,"loc":{"start":{"line":12,"column":1},"end":{"line":12,"column":13}}},"2":{"name":"(anonymous_2)","line":19,"loc":{"start":{"line":19,"column":5},"end":{"line":19,"column":17}}},"3":{"name":"(anonymous_3)","line":23,"loc":{"start":{"line":23,"column":24},"end":{"line":23,"column":36}}}},"statementMap":{"1":{"start":{"line":12,"column":0},"end":{"line":53,"column":5}},"2":{"start":{"line":14,"column":4},"end":{"line":14,"column":14}},"3":{"start":{"line":19,"column":4},"end":{"line":52,"column":9}},"4":{"start":{"line":21,"column":8},"end":{"line":21,"column":19}},"5":{"start":{"line":23,"column":8},"end":{"line":35,"column":13}},"6":{"start":{"line":24,"column":12},"end":{"line":34,"column":13}},"7":{"start":{"line":25,"column":16},"end":{"line":28,"column":30}},"8":{"start":{"line":30,"column":16},"end":{"line":33,"column":27}},"9":{"start":{"line":37,"column":8},"end":{"line":39,"column":21}},"10":{"start":{"line":41,"column":8},"end":{"line":41,"column":54}},"11":{"start":{"line":43,"column":8},"end":{"line":43,"column":53}},"12":{"start":{"line":45,"column":8},"end":{"line":51,"column":9}},"13":{"start":{"line":46,"column":12},"end":{"line":46,"column":59}},"14":{"start":{"line":48,"column":12},"end":{"line":48,"column":35}},"15":{"start":{"line":49,"column":12},"end":{"line":49,"column":49}},"16":{"start":{"line":50,"column":12},"end":{"line":50,"column":43}}},"branchMap":{"1":{"line":25,"type":"binary-expr","locations":[{"start":{"line":25,"column":23},"end":{"line":25,"column":62}},{"start":{"line":26,"column":20},"end":{"line":26,"column":70}},{"start":{"line":27,"column":20},"end":{"line":27,"column":71}},{"start":{"line":28,"column":20},"end":{"line":28,"column":29}}]},"2":{"line":30,"type":"binary-expr","locations":[{"start":{"line":30,"column":23},"end":{"line":30,"column":37}},{"start":{"line":31,"column":20},"end":{"line":31,"column":61}},{"start":{"line":32,"column":20},"end":{"line":32,"column":70}},{"start":{"line":33,"column":20},"end":{"line":33,"column":26}}]},"3":{"line":37,"type":"cond-expr","locations":[{"start":{"line":38,"column":14},"end":{"line":38,"column":20}},{"start":{"line":39,"column":14},"end":{"line":39,"column":20}}]},"4":{"line":41,"type":"binary-expr","locations":[{"start":{"line":41,"column":16},"end":{"line":41,"column":44}},{"start":{"line":41,"column":48},"end":{"line":41,"column":53}}]},"5":{"line":45,"type":"if","locations":[{"start":{"line":45,"column":8},"end":{"line":45,"column":8}},{"start":{"line":45,"column":8},"end":{"line":45,"column":8}}]}},"code":["/* istanbul instrument in package npmtest_topojson */","/*jslint","    bitwise: true,","    browser: true,","    maxerr: 8,","    maxlen: 96,","    node: true,","    nomen: true,","    regexp: true,","    stupid: true","*/","(function () {","    'use strict';","    var local;","","","","    // run shared js-env code - init-before","    (function () {","        // init local","        local = {};","        // init modeJs","        local.modeJs = (function () {","            try {","                return typeof navigator.userAgent === 'string' &&","                    typeof document.querySelector('body') === 'object' &&","                    typeof XMLHttpRequest.prototype.open === 'function' &&","                    'browser';","            } catch (errorCaughtBrowser) {","                return module.exports &&","                    typeof process.versions.node === 'string' &&","                    typeof require('http').createServer === 'function' &&","                    'node';","            }","        }());","        // init global","        local.global = local.modeJs === 'browser'","            ? window","            : global;","        // init utility2_rollup","        local = local.global.utility2_rollup || local;","        // init lib","        local.local = local.npmtest_topojson = local;","        // init exports","        if (local.modeJs === 'browser') {","            local.global.utility2_npmtest_topojson = local;","        } else {","            module.exports = local;","            module.exports.__dirname = __dirname;","            module.exports.module = module;","        }","    }());","}());",""],"l":{"12":2,"14":2,"19":2,"21":2,"23":2,"24":2,"25":2,"30":1,"37":2,"41":2,"43":2,"45":2,"46":1,"48":1,"49":1,"50":1}},"/home/travis/build/npmtest/node-npmtest-topojson/example.js":{"path":"/home/travis/build/npmtest/node-npmtest-topojson/example.js","s":{"1":2,"2":2,"3":2,"4":2,"5":2,"6":2,"7":2,"8":1,"9":2,"10":2,"11":2,"12":2,"13":1,"14":2,"15":2,"16":2,"17":2,"18":2,"19":0,"20":2,"21":1,"22":1,"23":1,"24":1,"25":1,"26":0,"27":0,"28":1,"29":1,"30":2,"31":0,"32":0,"33":0,"34":1,"35":2,"36":2,"37":3,"38":3,"39":3,"40":3,"41":0,"42":3,"43":3,"44":3,"45":1,"46":3,"47":1,"48":1,"49":1,"50":1,"51":1,"52":1,"53":1,"54":1,"55":1,"56":1,"57":0,"58":1,"59":6,"60":6,"61":1,"62":2,"63":0,"64":2,"65":1,"66":1,"67":0,"68":0,"69":0,"70":0,"71":0,"72":0,"73":0,"74":0,"75":0,"76":0,"77":0,"78":0,"79":0,"80":0,"81":0,"82":0,"83":0},"b":{"1":[2,1,1,1],"2":[1,1,1,1],"3":[1,1],"4":[2,2],"5":[1,1],"6":[1,1],"7":[2,0],"8":[2,1,1,1,1,1],"9":[0,2,0],"10":[1,1],"11":[2,1,1],"12":[1,0],"13":[0,2],"14":[2,0,0,0,0,0,0],"15":[0,3],"16":[3,0],"17":[1,1],"18":[0,1],"19":[1,2,0,2],"20":[1,0],"21":[1,1],"22":[0,0],"23":[0,0],"24":[0,0],"25":[0,0],"26":[0,0],"27":[0,0],"28":[0,0]},"f":{"1":2,"2":2,"3":2,"4":2,"5":2,"6":2,"7":3,"8":3,"9":3,"10":1,"11":6,"12":0},"fnMap":{"1":{"name":"(anonymous_1)","line":26,"loc":{"start":{"line":26,"column":1},"end":{"line":26,"column":13}}},"2":{"name":"(anonymous_2)","line":33,"loc":{"start":{"line":33,"column":5},"end":{"line":33,"column":17}}},"3":{"name":"(anonymous_3)","line":37,"loc":{"start":{"line":37,"column":24},"end":{"line":37,"column":36}}},"4":{"name":"(anonymous_4)","line":69,"loc":{"start":{"line":69,"column":31},"end":{"line":69,"column":48}},"skip":true},"5":{"name":"(anonymous_5)","line":78,"loc":{"start":{"line":78,"column":26},"end":{"line":78,"column":45}},"skip":true},"6":{"name":"(anonymous_6)","line":123,"loc":{"start":{"line":123,"column":33},"end":{"line":123,"column":48}},"skip":true},"7":{"name":"(anonymous_7)","line":125,"loc":{"start":{"line":125,"column":27},"end":{"line":125,"column":39}},"skip":true},"8":{"name":"(anonymous_8)","line":133,"loc":{"start":{"line":133,"column":59},"end":{"line":133,"column":74}},"skip":true},"9":{"name":"(anonymous_9)","line":143,"loc":{"start":{"line":143,"column":45},"end":{"line":143,"column":62}},"skip":true},"10":{"name":"(anonymous_10)","line":144,"loc":{"start":{"line":144,"column":73},"end":{"line":144,"column":92}},"skip":true},"11":{"name":"(anonymous_11)","line":272,"loc":{"start":{"line":272,"column":51},"end":{"line":272,"column":77}},"skip":true},"12":{"name":"(anonymous_12)","line":315,"loc":{"start":{"line":315,"column":32},"end":{"line":315,"column":61}},"skip":true}},"statementMap":{"1":{"start":{"line":26,"column":0},"end":{"line":326,"column":5}},"2":{"start":{"line":28,"column":4},"end":{"line":28,"column":14}},"3":{"start":{"line":33,"column":4},"end":{"line":60,"column":9}},"4":{"start":{"line":35,"column":8},"end":{"line":35,"column":19}},"5":{"start":{"line":37,"column":8},"end":{"line":49,"column":13}},"6":{"start":{"line":38,"column":12},"end":{"line":48,"column":13}},"7":{"start":{"line":39,"column":16},"end":{"line":42,"column":30}},"8":{"start":{"line":44,"column":16},"end":{"line":47,"column":27}},"9":{"start":{"line":51,"column":8},"end":{"line":53,"column":21}},"10":{"start":{"line":55,"column":8},"end":{"line":57,"column":45}},"11":{"start":{"line":59,"column":8},"end":{"line":59,"column":35}},"12":{"start":{"line":61,"column":4},"end":{"line":325,"column":5}},"13":{"start":{"line":69,"column":8},"end":{"line":121,"column":10},"skip":true},"14":{"start":{"line":70,"column":12},"end":{"line":88,"column":13},"skip":true},"15":{"start":{"line":76,"column":16},"end":{"line":87,"column":19},"skip":true},"16":{"start":{"line":79,"column":20},"end":{"line":86,"column":21},"skip":true},"17":{"start":{"line":82,"column":24},"end":{"line":82,"column":43},"skip":true},"18":{"start":{"line":83,"column":24},"end":{"line":83,"column":30},"skip":true},"19":{"start":{"line":85,"column":24},"end":{"line":85,"column":49},"skip":true},"20":{"start":{"line":89,"column":12},"end":{"line":107,"column":13},"skip":true},"21":{"start":{"line":92,"column":16},"end":{"line":102,"column":17},"skip":true},"22":{"start":{"line":93,"column":20},"end":{"line":93,"column":86},"skip":true},"23":{"start":{"line":94,"column":20},"end":{"line":95,"column":45},"skip":true},"24":{"start":{"line":96,"column":20},"end":{"line":96,"column":42},"skip":true},"25":{"start":{"line":97,"column":20},"end":{"line":97,"column":48},"skip":true},"26":{"start":{"line":100,"column":20},"end":{"line":100,"column":85},"skip":true},"27":{"start":{"line":101,"column":20},"end":{"line":101,"column":96},"skip":true},"28":{"start":{"line":103,"column":16},"end":{"line":103,"column":22},"skip":true},"29":{"start":{"line":106,"column":16},"end":{"line":106,"column":22},"skip":true},"30":{"start":{"line":108,"column":12},"end":{"line":120,"column":13},"skip":true},"31":{"start":{"line":114,"column":16},"end":{"line":119,"column":17},"skip":true},"32":{"start":{"line":116,"column":20},"end":{"line":116,"column":78},"skip":true},"33":{"start":{"line":118,"column":20},"end":{"line":118,"column":47},"skip":true},"34":{"start":{"line":123,"column":8},"end":{"line":141,"column":11},"skip":true},"35":{"start":{"line":124,"column":12},"end":{"line":124,"column":54},"skip":true},"36":{"start":{"line":125,"column":12},"end":{"line":140,"column":14},"skip":true},"37":{"start":{"line":126,"column":16},"end":{"line":126,"column":28},"skip":true},"38":{"start":{"line":127,"column":16},"end":{"line":127,"column":69},"skip":true},"39":{"start":{"line":128,"column":16},"end":{"line":128,"column":75},"skip":true},"40":{"start":{"line":129,"column":16},"end":{"line":131,"column":17},"skip":true},"41":{"start":{"line":130,"column":20},"end":{"line":130,"column":27},"skip":true},"42":{"start":{"line":133,"column":16},"end":{"line":137,"column":36},"skip":true},"43":{"start":{"line":134,"column":20},"end":{"line":136,"column":55},"skip":true},"44":{"start":{"line":139,"column":16},"end":{"line":139,"column":57},"skip":true},"45":{"start":{"line":143,"column":8},"end":{"line":147,"column":11},"skip":true},"46":{"start":{"line":144,"column":12},"end":{"line":146,"column":15},"skip":true},"47":{"start":{"line":145,"column":16},"end":{"line":145,"column":70},"skip":true},"48":{"start":{"line":149,"column":8},"end":{"line":149,"column":31},"skip":true},"49":{"start":{"line":150,"column":8},"end":{"line":150,"column":14},"skip":true},"50":{"start":{"line":158,"column":8},"end":{"line":158,"column":31},"skip":true},"51":{"start":{"line":160,"column":8},"end":{"line":160,"column":33},"skip":true},"52":{"start":{"line":161,"column":8},"end":{"line":161,"column":37},"skip":true},"53":{"start":{"line":162,"column":8},"end":{"line":162,"column":35},"skip":true},"54":{"start":{"line":164,"column":8},"end":{"line":164,"column":50},"skip":true},"55":{"start":{"line":166,"column":8},"end":{"line":256,"column":2},"skip":true},"56":{"start":{"line":258,"column":8},"end":{"line":286,"column":9},"skip":true},"57":{"start":{"line":259,"column":12},"end":{"line":269,"column":14},"skip":true},"58":{"start":{"line":271,"column":12},"end":{"line":285,"column":19},"skip":true},"59":{"start":{"line":274,"column":20},"end":{"line":274,"column":35},"skip":true},"60":{"start":{"line":275,"column":20},"end":{"line":284,"column":21},"skip":true},"61":{"start":{"line":277,"column":24},"end":{"line":277,"column":64},"skip":true},"62":{"start":{"line":279,"column":24},"end":{"line":279,"column":40},"skip":true},"63":{"start":{"line":281,"column":24},"end":{"line":281,"column":40},"skip":true},"64":{"start":{"line":283,"column":24},"end":{"line":283,"column":39},"skip":true},"65":{"start":{"line":288,"column":8},"end":{"line":290,"column":9},"skip":true},"66":{"start":{"line":289,"column":12},"end":{"line":289,"column":18},"skip":true},"67":{"start":{"line":291,"column":8},"end":{"line":293,"column":54},"skip":true},"68":{"start":{"line":296,"column":8},"end":{"line":301,"column":37},"skip":true},"69":{"start":{"line":303,"column":8},"end":{"line":303,"column":82},"skip":true},"70":{"start":{"line":306,"column":8},"end":{"line":308,"column":9},"skip":true},"71":{"start":{"line":307,"column":12},"end":{"line":307,"column":82},"skip":true},"72":{"start":{"line":310,"column":8},"end":{"line":312,"column":9},"skip":true},"73":{"start":{"line":311,"column":12},"end":{"line":311,"column":18},"skip":true},"74":{"start":{"line":313,"column":8},"end":{"line":313,"column":54},"skip":true},"75":{"start":{"line":314,"column":8},"end":{"line":314,"column":69},"skip":true},"76":{"start":{"line":315,"column":8},"end":{"line":323,"column":36},"skip":true},"77":{"start":{"line":316,"column":12},"end":{"line":316,"column":61},"skip":true},"78":{"start":{"line":317,"column":12},"end":{"line":320,"column":13},"skip":true},"79":{"start":{"line":318,"column":16},"end":{"line":318,"column":75},"skip":true},"80":{"start":{"line":319,"column":16},"end":{"line":319,"column":23},"skip":true},"81":{"start":{"line":321,"column":12},"end":{"line":321,"column":38},"skip":true},"82":{"start":{"line":322,"column":12},"end":{"line":322,"column":27},"skip":true},"83":{"start":{"line":324,"column":8},"end":{"line":324,"column":14},"skip":true}},"branchMap":{"1":{"line":39,"type":"binary-expr","locations":[{"start":{"line":39,"column":23},"end":{"line":39,"column":62}},{"start":{"line":40,"column":20},"end":{"line":40,"column":70}},{"start":{"line":41,"column":20},"end":{"line":41,"column":71}},{"start":{"line":42,"column":20},"end":{"line":42,"column":29}}]},"2":{"line":44,"type":"binary-expr","locations":[{"start":{"line":44,"column":23},"end":{"line":44,"column":37}},{"start":{"line":45,"column":20},"end":{"line":45,"column":61}},{"start":{"line":46,"column":20},"end":{"line":46,"column":70}},{"start":{"line":47,"column":20},"end":{"line":47,"column":26}}]},"3":{"line":51,"type":"cond-expr","locations":[{"start":{"line":52,"column":14},"end":{"line":52,"column":20}},{"start":{"line":53,"column":14},"end":{"line":53,"column":20}}]},"4":{"line":55,"type":"binary-expr","locations":[{"start":{"line":55,"column":16},"end":{"line":55,"column":44}},{"start":{"line":55,"column":49},"end":{"line":57,"column":43}}]},"5":{"line":55,"type":"cond-expr","locations":[{"start":{"line":56,"column":14},"end":{"line":56,"column":52}},{"start":{"line":57,"column":14},"end":{"line":57,"column":43}}]},"6":{"line":61,"type":"switch","locations":[{"start":{"line":68,"column":4},"end":{"line":150,"column":14},"skip":true},{"start":{"line":156,"column":4},"end":{"line":324,"column":14},"skip":true}]},"7":{"line":70,"type":"if","locations":[{"start":{"line":70,"column":12},"end":{"line":70,"column":12},"skip":true},{"start":{"line":70,"column":12},"end":{"line":70,"column":12},"skip":true}]},"8":{"line":70,"type":"binary-expr","locations":[{"start":{"line":70,"column":16},"end":{"line":70,"column":22},"skip":true},{"start":{"line":70,"column":27},"end":{"line":70,"column":32},"skip":true},{"start":{"line":71,"column":20},"end":{"line":71,"column":39},"skip":true},{"start":{"line":72,"column":20},"end":{"line":72,"column":49},"skip":true},{"start":{"line":73,"column":20},"end":{"line":73,"column":58},"skip":true},{"start":{"line":74,"column":20},"end":{"line":74,"column":69},"skip":true}]},"9":{"line":79,"type":"switch","locations":[{"start":{"line":80,"column":20},"end":{"line":80,"column":33},"skip":true},{"start":{"line":81,"column":20},"end":{"line":83,"column":30},"skip":true},{"start":{"line":84,"column":20},"end":{"line":85,"column":49},"skip":true}]},"10":{"line":89,"type":"switch","locations":[{"start":{"line":90,"column":12},"end":{"line":103,"column":22},"skip":true},{"start":{"line":105,"column":12},"end":{"line":106,"column":22},"skip":true}]},"11":{"line":89,"type":"binary-expr","locations":[{"start":{"line":89,"column":20},"end":{"line":89,"column":25},"skip":true},{"start":{"line":89,"column":29},"end":{"line":89,"column":48},"skip":true},{"start":{"line":89,"column":52},"end":{"line":89,"column":74},"skip":true}]},"12":{"line":92,"type":"if","locations":[{"start":{"line":92,"column":16},"end":{"line":92,"column":16},"skip":true},{"start":{"line":92,"column":16},"end":{"line":92,"column":16},"skip":true}]},"13":{"line":108,"type":"if","locations":[{"start":{"line":108,"column":12},"end":{"line":108,"column":12},"skip":true},{"start":{"line":108,"column":12},"end":{"line":108,"column":12},"skip":true}]},"14":{"line":108,"type":"binary-expr","locations":[{"start":{"line":108,"column":16},"end":{"line":108,"column":61},"skip":true},{"start":{"line":108,"column":66},"end":{"line":108,"column":72},"skip":true},{"start":{"line":108,"column":77},"end":{"line":108,"column":82},"skip":true},{"start":{"line":109,"column":20},"end":{"line":109,"column":39},"skip":true},{"start":{"line":110,"column":20},"end":{"line":110,"column":49},"skip":true},{"start":{"line":111,"column":20},"end":{"line":111,"column":58},"skip":true},{"start":{"line":112,"column":20},"end":{"line":112,"column":68},"skip":true}]},"15":{"line":129,"type":"if","locations":[{"start":{"line":129,"column":16},"end":{"line":129,"column":16},"skip":true},{"start":{"line":129,"column":16},"end":{"line":129,"column":16},"skip":true}]},"16":{"line":134,"type":"cond-expr","locations":[{"start":{"line":135,"column":26},"end":{"line":135,"column":29},"skip":true},{"start":{"line":136,"column":26},"end":{"line":136,"column":54},"skip":true}]},"17":{"line":164,"type":"binary-expr","locations":[{"start":{"line":164,"column":27},"end":{"line":164,"column":43},"skip":true},{"start":{"line":164,"column":47},"end":{"line":164,"column":49},"skip":true}]},"18":{"line":258,"type":"if","locations":[{"start":{"line":258,"column":8},"end":{"line":258,"column":8},"skip":true},{"start":{"line":258,"column":8},"end":{"line":258,"column":8},"skip":true}]},"19":{"line":275,"type":"switch","locations":[{"start":{"line":276,"column":20},"end":{"line":277,"column":64},"skip":true},{"start":{"line":278,"column":20},"end":{"line":279,"column":40},"skip":true},{"start":{"line":280,"column":20},"end":{"line":281,"column":40},"skip":true},{"start":{"line":282,"column":20},"end":{"line":283,"column":39},"skip":true}]},"20":{"line":288,"type":"if","locations":[{"start":{"line":288,"column":8},"end":{"line":288,"column":8},"skip":true},{"start":{"line":288,"column":8},"end":{"line":288,"column":8},"skip":true}]},"21":{"line":288,"type":"binary-expr","locations":[{"start":{"line":288,"column":12},"end":{"line":288,"column":40},"skip":true},{"start":{"line":288,"column":44},"end":{"line":288,"column":67},"skip":true}]},"22":{"line":292,"type":"binary-expr","locations":[{"start":{"line":292,"column":12},"end":{"line":292,"column":50},"skip":true},{"start":{"line":293,"column":12},"end":{"line":293,"column":53},"skip":true}]},"23":{"line":297,"type":"binary-expr","locations":[{"start":{"line":297,"column":12},"end":{"line":297,"column":66},"skip":true},{"start":{"line":298,"column":12},"end":{"line":301,"column":36},"skip":true}]},"24":{"line":303,"type":"binary-expr","locations":[{"start":{"line":303,"column":43},"end":{"line":303,"column":75},"skip":true},{"start":{"line":303,"column":79},"end":{"line":303,"column":81},"skip":true}]},"25":{"line":306,"type":"if","locations":[{"start":{"line":306,"column":8},"end":{"line":306,"column":8},"skip":true},{"start":{"line":306,"column":8},"end":{"line":306,"column":8},"skip":true}]},"26":{"line":310,"type":"if","locations":[{"start":{"line":310,"column":8},"end":{"line":310,"column":8},"skip":true},{"start":{"line":310,"column":8},"end":{"line":310,"column":8},"skip":true}]},"27":{"line":313,"type":"binary-expr","locations":[{"start":{"line":313,"column":27},"end":{"line":313,"column":43},"skip":true},{"start":{"line":313,"column":47},"end":{"line":313,"column":53},"skip":true}]},"28":{"line":317,"type":"if","locations":[{"start":{"line":317,"column":12},"end":{"line":317,"column":12},"skip":true},{"start":{"line":317,"column":12},"end":{"line":317,"column":12},"skip":true}]}},"code":["/*","example.js","","quickstart example","","instruction","    1. save this script as example.js","    2. run the shell command:","        $ npm install npmtest-topojson && PORT=8081 node example.js","    3. play with the browser-demo on http://127.0.0.1:8081","*/","","","","/* istanbul instrument in package npmtest_topojson */","/*jslint","    bitwise: true,","    browser: true,","    maxerr: 8,","    maxlen: 96,","    node: true,","    nomen: true,","    regexp: true,","    stupid: true","*/","(function () {","    'use strict';","    var local;","","","","    // run shared js-env code - init-before","    (function () {","        // init local","        local = {};","        // init modeJs","        local.modeJs = (function () {","            try {","                return typeof navigator.userAgent === 'string' &&","                    typeof document.querySelector('body') === 'object' &&","                    typeof XMLHttpRequest.prototype.open === 'function' &&","                    'browser';","            } catch (errorCaughtBrowser) {","                return module.exports &&","                    typeof process.versions.node === 'string' &&","                    typeof require('http').createServer === 'function' &&","                    'node';","            }","        }());","        // init global","        local.global = local.modeJs === 'browser'","            ? window","            : global;","        // init utility2_rollup","        local = local.global.utility2_rollup || (local.modeJs === 'browser'","            ? local.global.utility2_npmtest_topojson","            : global.utility2_moduleExports);","        // export local","        local.global.local = local;","    }());","    switch (local.modeJs) {","","","","    // init-after","    // run browser js-env code - init-after","    /* istanbul ignore next */","    case 'browser':","        local.testRunBrowser = function (event) {","            if (!event || (event &&","                    event.currentTarget &&","                    event.currentTarget.className &&","                    event.currentTarget.className.includes &&","                    event.currentTarget.className.includes('onreset'))) {","                // reset output","                Array.from(","                    document.querySelectorAll('body > .resettable')","                ).forEach(function (element) {","                    switch (element.tagName) {","                    case 'INPUT':","                    case 'TEXTAREA':","                        element.value = '';","                        break;","                    default:","                        element.textContent = '';","                    }","                });","            }","            switch (event && event.currentTarget && event.currentTarget.id) {","            case 'testRunButton1':","                // show tests","                if (document.querySelector('#testReportDiv1').style.display === 'none') {","                    document.querySelector('#testReportDiv1').style.display = 'block';","                    document.querySelector('#testRunButton1').textContent =","                        'hide internal test';","                    local.modeTest = true;","                    local.testRunDefault(local);","                // hide tests","                } else {","                    document.querySelector('#testReportDiv1').style.display = 'none';","                    document.querySelector('#testRunButton1').textContent = 'run internal test';","                }","                break;","            // custom-case","            default:","                break;","            }","            if (document.querySelector('#inputTextareaEval1') && (!event || (event &&","                    event.currentTarget &&","                    event.currentTarget.className &&","                    event.currentTarget.className.includes &&","                    event.currentTarget.className.includes('oneval')))) {","                // try to eval input-code","                try {","                    /*jslint evil: true*/","                    eval(document.querySelector('#inputTextareaEval1').value);","                } catch (errorCaught) {","                    console.error(errorCaught);","                }","            }","        };","        // log stderr and stdout to #outputTextareaStdout1","        ['error', 'log'].forEach(function (key) {","            console[key + '_original'] = console[key];","            console[key] = function () {","                var element;","                console[key + '_original'].apply(console, arguments);","                element = document.querySelector('#outputTextareaStdout1');","                if (!element) {","                    return;","                }","                // append text to #outputTextareaStdout1","                element.value += Array.from(arguments).map(function (arg) {","                    return typeof arg === 'string'","                        ? arg","                        : JSON.stringify(arg, null, 4);","                }).join(' ') + '\\n';","                // scroll textarea to bottom","                element.scrollTop = element.scrollHeight;","            };","        });","        // init event-handling","        ['change', 'click', 'keyup'].forEach(function (event) {","            Array.from(document.querySelectorAll('.on' + event)).forEach(function (element) {","                element.addEventListener(event, local.testRunBrowser);","            });","        });","        // run tests","        local.testRunBrowser();","        break;","","","","    // run node js-env code - init-after","    /* istanbul ignore next */","    case 'node':","        // export local","        module.exports = local;","        // require modules","        local.fs = require('fs');","        local.http = require('http');","        local.url = require('url');","        // init assets","        local.assetsDict = local.assetsDict || {};","        /* jslint-ignore-begin */","        local.assetsDict['/assets.index.template.html'] = '\\","<!doctype html>\\n\\","<html lang=\"en\">\\n\\","<head>\\n\\","<meta charset=\"UTF-8\">\\n\\","<meta name=\"viewport\" content=\"width=device-width, initial-scale=1\">\\n\\","<title>{{env.npm_package_name}} (v{{env.npm_package_version}})</title>\\n\\","<style>\\n\\","/*csslint\\n\\","    box-sizing: false,\\n\\","    universal-selector: false\\n\\","*/\\n\\","* {\\n\\","    box-sizing: border-box;\\n\\","}\\n\\","body {\\n\\","    background: #dde;\\n\\","    font-family: Arial, Helvetica, sans-serif;\\n\\","    margin: 2rem;\\n\\","}\\n\\","body > * {\\n\\","    margin-bottom: 1rem;\\n\\","}\\n\\",".utility2FooterDiv {\\n\\","    margin-top: 20px;\\n\\","    text-align: center;\\n\\","}\\n\\","</style>\\n\\","<style>\\n\\","/*csslint\\n\\","*/\\n\\","textarea {\\n\\","    font-family: monospace;\\n\\","    height: 10rem;\\n\\","    width: 100%;\\n\\","}\\n\\","textarea[readonly] {\\n\\","    background: #ddd;\\n\\","}\\n\\","</style>\\n\\","</head>\\n\\","<body>\\n\\","<!-- utility2-comment\\n\\","<div id=\"ajaxProgressDiv1\" style=\"background: #d00; height: 2px; left: 0; margin: 0; padding: 0; position: fixed; top: 0; transition: background 0.5s, width 1.5s; width: 25%;\"></div>\\n\\","utility2-comment -->\\n\\","<h1>\\n\\","<!-- utility2-comment\\n\\","    <a\\n\\","        {{#if env.npm_package_homepage}}\\n\\","        href=\"{{env.npm_package_homepage}}\"\\n\\","        {{/if env.npm_package_homepage}}\\n\\","        target=\"_blank\"\\n\\","    >\\n\\","utility2-comment -->\\n\\","        {{env.npm_package_name}} (v{{env.npm_package_version}})\\n\\","<!-- utility2-comment\\n\\","    </a>\\n\\","utility2-comment -->\\n\\","</h1>\\n\\","<h3>{{env.npm_package_description}}</h3>\\n\\","<!-- utility2-comment\\n\\","<h4><a download href=\"assets.app.js\">download standalone app</a></h4>\\n\\","<button class=\"onclick onreset\" id=\"testRunButton1\">run internal test</button><br>\\n\\","<div id=\"testReportDiv1\" style=\"display: none;\"></div>\\n\\","utility2-comment -->\\n\\","\\n\\","\\n\\","\\n\\","<label>stderr and stdout</label>\\n\\","<textarea class=\"resettable\" id=\"outputTextareaStdout1\" readonly></textarea>\\n\\","<!-- utility2-comment\\n\\","{{#if isRollup}}\\n\\","<script src=\"assets.app.js\"></script>\\n\\","{{#unless isRollup}}\\n\\","utility2-comment -->\\n\\","<script src=\"assets.utility2.rollup.js\"></script>\\n\\","<script src=\"jsonp.utility2._stateInit?callback=window.utility2._stateInit\"></script>\\n\\","<script src=\"assets.npmtest_topojson.rollup.js\"></script>\\n\\","<script src=\"assets.example.js\"></script>\\n\\","<script src=\"assets.test.js\"></script>\\n\\","<!-- utility2-comment\\n\\","{{/if isRollup}}\\n\\","utility2-comment -->\\n\\","<div class=\"utility2FooterDiv\">\\n\\","    [ this app was created with\\n\\","    <a href=\"https://github.com/kaizhu256/node-utility2\" target=\"_blank\">utility2</a>\\n\\","    ]\\n\\","</div>\\n\\","</body>\\n\\","</html>\\n\\","';","        /* jslint-ignore-end */","        if (local.templateRender) {","            local.assetsDict['/'] = local.templateRender(","                local.assetsDict['/assets.index.template.html'],","                {","                    env: local.objectSetDefault(local.env, {","                        npm_package_description: 'the greatest app in the world!',","                        npm_package_name: 'my-app',","                        npm_package_nameAlias: 'my_app',","                        npm_package_version: '0.0.1'","                    })","                }","            );","        } else {","            local.assetsDict['/'] = local.assetsDict['/assets.index.template.html']","                .replace((/\\{\\{env\\.(\\w+?)\\}\\}/g), function (match0, match1) {","                    // jslint-hack","                    String(match0);","                    switch (match1) {","                    case 'npm_package_description':","                        return 'the greatest app in the world!';","                    case 'npm_package_name':","                        return 'my-app';","                    case 'npm_package_nameAlias':","                        return 'my_app';","                    case 'npm_package_version':","                        return '0.0.1';","                    }","                });","        }","        // run the cli","        if (local.global.utility2_rollup || module !== require.main) {","            break;","        }","        local.assetsDict['/assets.example.js'] =","            local.assetsDict['/assets.example.js'] ||","            local.fs.readFileSync(__filename, 'utf8');","        // bug-workaround - long $npm_package_buildCustomOrg","        /* jslint-ignore-begin */","        local.assetsDict['/assets.npmtest_topojson.rollup.js'] =","            local.assetsDict['/assets.npmtest_topojson.rollup.js'] ||","            local.fs.readFileSync(","                local.npmtest_topojson.__dirname + '/lib.npmtest_topojson.js',","                'utf8'","            ).replace((/^#!/), '//');","        /* jslint-ignore-end */","        local.assetsDict['/favicon.ico'] = local.assetsDict['/favicon.ico'] || '';","        // if $npm_config_timeout_exit exists,","        // then exit this process after $npm_config_timeout_exit ms","        if (Number(process.env.npm_config_timeout_exit)) {","            setTimeout(process.exit, Number(process.env.npm_config_timeout_exit));","        }","        // start server","        if (local.global.utility2_serverHttp1) {","            break;","        }","        process.env.PORT = process.env.PORT || '8081';","        console.error('server starting on port ' + process.env.PORT);","        local.http.createServer(function (request, response) {","            request.urlParsed = local.url.parse(request.url);","            if (local.assetsDict[request.urlParsed.pathname] !== undefined) {","                response.end(local.assetsDict[request.urlParsed.pathname]);","                return;","            }","            response.statusCode = 404;","            response.end();","        }).listen(process.env.PORT);","        break;","    }","}());",""],"l":{"26":2,"28":2,"33":2,"35":2,"37":2,"38":2,"39":2,"44":1,"51":2,"55":2,"59":2,"61":2,"69":1,"70":2,"76":2,"79":2,"82":2,"83":2,"85":1,"89":2,"92":1,"93":1,"94":1,"96":1,"97":1,"100":1,"101":1,"103":1,"106":1,"108":2,"114":1,"116":1,"118":1,"123":1,"124":2,"125":2,"126":3,"127":3,"128":3,"129":3,"130":1,"133":3,"134":3,"139":3,"143":1,"144":3,"145":1,"149":1,"150":1,"158":1,"160":1,"161":1,"162":1,"164":1,"166":1,"258":1,"259":1,"271":1,"274":6,"275":6,"277":1,"279":2,"281":1,"283":2,"288":1,"289":1,"291":1,"296":1,"303":1,"306":1,"307":1,"310":1,"311":1,"313":1,"314":1,"315":1,"316":1,"317":1,"318":1,"319":1,"321":1,"322":1,"324":1}},"/home/travis/build/npmtest/node-npmtest-topojson/node_modules/topojson/dist/topojson.node.js":{"path":"/home/travis/build/npmtest/node-npmtest-topojson/node_modules/topojson/dist/topojson.node.js","s":{"1":1,"2":1,"3":1,"4":1,"5":1,"6":10,"7":1,"8":1,"9":1,"10":11},"b":{},"f":{"1":10,"2":1,"3":11},"fnMap":{"1":{"name":"(anonymous_1)","line":11,"loc":{"start":{"line":11,"column":36},"end":{"line":11,"column":51}}},"2":{"name":"(anonymous_2)","line":12,"loc":{"start":{"line":12,"column":36},"end":{"line":12,"column":51}}},"3":{"name":"(anonymous_3)","line":13,"loc":{"start":{"line":13,"column":38},"end":{"line":13,"column":53}}}},"statementMap":{"1":{"start":{"line":3,"column":0},"end":{"line":3,"column":62}},"2":{"start":{"line":5,"column":0},"end":{"line":5,"column":48}},"3":{"start":{"line":6,"column":0},"end":{"line":6,"column":48}},"4":{"start":{"line":7,"column":0},"end":{"line":7,"column":52}},"5":{"start":{"line":11,"column":0},"end":{"line":11,"column":92}},"6":{"start":{"line":11,"column":53},"end":{"line":11,"column":88}},"7":{"start":{"line":12,"column":0},"end":{"line":12,"column":92}},"8":{"start":{"line":12,"column":53},"end":{"line":12,"column":88}},"9":{"start":{"line":13,"column":0},"end":{"line":13,"column":96}},"10":{"start":{"line":13,"column":55},"end":{"line":13,"column":92}}},"branchMap":{},"code":["'use strict';","","Object.defineProperty(exports, '__esModule', { value: true });","","var topojsonClient = require('topojson-client');","var topojsonServer = require('topojson-server');","var topojsonSimplify = require('topojson-simplify');","","","","Object.keys(topojsonClient).forEach(function (key) { exports[key] = topojsonClient[key]; });","Object.keys(topojsonServer).forEach(function (key) { exports[key] = topojsonServer[key]; });","Object.keys(topojsonSimplify).forEach(function (key) { exports[key] = topojsonSimplify[key]; });",""],"l":{"3":1,"5":1,"6":1,"7":1,"11":10,"12":1,"13":11}},"/home/travis/build/npmtest/node-npmtest-topojson/node_modules/topojson/node_modules/topojson-client/dist/topojson-client.js":{"path":"/home/travis/build/npmtest/node-npmtest-topojson/node_modules/topojson/node_modules/topojson-client/dist/topojson-client.js","s":{"1":1,"2":1,"3":1,"4":0,"5":1,"6":0,"7":0,"8":0,"9":0,"10":0,"11":0,"12":0,"13":0,"14":0,"15":0,"16":0,"17":0,"18":1,"19":0,"20":1,"21":0,"22":0,"23":0,"24":0,"25":0,"26":0,"27":0,"28":0,"29":0,"30":1,"31":0,"32":0,"33":0,"34":0,"35":0,"36":0,"37":0,"38":0,"39":0,"40":0,"41":0,"42":0,"43":0,"44":0,"45":0,"46":0,"47":0,"48":0,"49":0,"50":0,"51":0,"52":0,"53":1,"54":0,"55":0,"56":0,"57":1,"58":0,"59":0,"60":1,"61":0,"62":0,"63":1,"64":0,"65":1,"66":0,"67":0,"68":0,"69":0,"70":0,"71":0,"72":1,"73":0,"74":1,"75":0,"76":0,"77":0,"78":0,"79":0,"80":0,"81":1,"82":0,"83":0,"84":0,"85":0,"86":1,"87":0,"88":1,"89":0,"90":0,"91":0,"92":0,"93":0,"94":0,"95":0,"96":0,"97":0,"98":0,"99":0,"100":0,"101":0,"102":0,"103":0,"104":0,"105":0,"106":0,"107":1,"108":0,"109":0,"110":0,"111":0,"112":0,"113":0,"114":0,"115":0,"116":0,"117":0,"118":0,"119":0,"120":0,"121":0,"122":0,"123":0,"124":0,"125":0,"126":0,"127":0,"128":0,"129":0,"130":0,"131":0,"132":0,"133":0,"134":0,"135":1,"136":0,"137":0,"138":0,"139":0,"140":0,"141":0,"142":1,"143":0,"144":0,"145":0,"146":0,"147":0,"148":0,"149":0,"150":0,"151":0,"152":0,"153":0,"154":0,"155":0,"156":0,"157":1,"158":0,"159":1,"160":0,"161":0,"162":0,"163":0,"164":0,"165":0,"166":1,"167":0,"168":1,"169":0,"170":0,"171":1,"172":0,"173":1,"174":0,"175":1,"176":0,"177":1,"178":0,"179":0,"180":0,"181":0,"182":0,"183":0,"184":0,"185":0,"186":0,"187":0,"188":0,"189":0,"190":0,"191":0,"192":0,"193":1,"194":0,"195":0,"196":0,"197":0,"198":1,"199":0,"200":1,"201":0,"202":0,"203":1,"204":0,"205":0,"206":0,"207":0,"208":0,"209":0,"210":0,"211":1,"212":0,"213":0,"214":0,"215":0,"216":1,"217":0,"218":0,"219":0,"220":0,"221":0,"222":0,"223":0,"224":0,"225":0,"226":0,"227":0,"228":0,"229":0,"230":0,"231":0,"232":0,"233":0,"234":0,"235":0,"236":0,"237":0,"238":0,"239":0,"240":0,"241":0,"242":0,"243":0,"244":0,"245":0,"246":1,"247":0,"248":0,"249":0,"250":0,"251":0,"252":0,"253":0,"254":1,"255":0,"256":0,"257":1,"258":0,"259":0,"260":0,"261":0,"262":0,"263":0,"264":0,"265":1,"266":0,"267":0,"268":1,"269":0,"270":0,"271":0,"272":0,"273":0,"274":0,"275":0,"276":0,"277":0,"278":0,"279":0,"280":0,"281":0,"282":0,"283":0,"284":0,"285":0,"286":0,"287":1,"288":0,"289":0,"290":0,"291":0,"292":0,"293":0,"294":0,"295":0,"296":0,"297":0,"298":0,"299":0,"300":1,"301":0,"302":0,"303":0,"304":0,"305":0,"306":0,"307":0,"308":0,"309":0,"310":0,"311":1,"312":0,"313":1,"314":0,"315":0,"316":0,"317":0,"318":0,"319":0,"320":0,"321":0,"322":0,"323":0,"324":0,"325":0,"326":0,"327":0,"328":0,"329":0,"330":1,"331":0,"332":0,"333":0,"334":0,"335":0,"336":0,"337":0,"338":0,"339":0,"340":0,"341":0,"342":0,"343":1,"344":1,"345":1,"346":1,"347":1,"348":1,"349":1,"350":1,"351":1,"352":1,"353":1},"b":{"1":[1,0],"2":[1,1],"3":[0,0],"4":[0,0],"5":[0,0],"6":[0,0],"7":[0,0],"8":[0,0],"9":[0,0],"10":[0,0],"11":[0,0],"12":[0,0,0],"13":[0,0],"14":[0,0],"15":[0,0],"16":[0,0],"17":[0,0],"18":[0,0],"19":[0,0],"20":[0,0],"21":[0,0],"22":[0,0],"23":[0,0],"24":[0,0],"25":[0,0,0,0,0,0,0,0],"26":[0,0],"27":[0,0],"28":[0,0,0],"29":[0,0],"30":[0,0],"31":[0,0],"32":[0,0],"33":[0,0],"34":[0,0],"35":[0,0],"36":[0,0],"37":[0,0],"38":[0,0],"39":[0,0],"40":[0,0],"41":[0,0],"42":[0,0],"43":[0,0],"44":[0,0,0,0,0],"45":[0,0],"46":[0,0],"47":[0,0,0],"48":[0,0],"49":[0,0],"50":[0,0],"51":[0,0],"52":[0,0],"53":[0,0],"54":[0,0],"55":[0,0],"56":[0,0],"57":[0,0],"58":[0,0],"59":[0,0],"60":[0,0],"61":[0,0],"62":[0,0],"63":[0,0],"64":[0,0],"65":[0,0],"66":[0,0],"67":[0,0],"68":[0,0],"69":[0,0],"70":[0,0],"71":[0,0],"72":[0,0],"73":[0,0,0,0],"74":[0,0],"75":[0,0],"76":[0,0],"77":[0,0],"78":[0,0],"79":[0,0]},"f":{"1":1,"2":1,"3":0,"4":0,"5":0,"6":0,"7":0,"8":0,"9":0,"10":0,"11":0,"12":0,"13":0,"14":0,"15":0,"16":0,"17":0,"18":0,"19":0,"20":0,"21":0,"22":0,"23":0,"24":0,"25":0,"26":0,"27":0,"28":0,"29":0,"30":0,"31":0,"32":0,"33":0,"34":0,"35":0,"36":0,"37":0,"38":0,"39":0,"40":0,"41":0,"42":0,"43":0,"44":0,"45":0,"46":0,"47":0,"48":0,"49":0,"50":0,"51":0,"52":0,"53":0,"54":0,"55":0,"56":0,"57":0,"58":0,"59":0,"60":0,"61":0,"62":0,"63":0,"64":0,"65":0,"66":0,"67":0,"68":0,"69":0,"70":0,"71":0,"72":0},"fnMap":{"1":{"name":"(anonymous_1)","line":2,"loc":{"start":{"line":2,"column":1},"end":{"line":2,"column":28}}},"2":{"name":"(anonymous_2)","line":6,"loc":{"start":{"line":6,"column":9},"end":{"line":6,"column":28}}},"3":{"name":"(anonymous_3)","line":8,"loc":{"start":{"line":8,"column":15},"end":{"line":8,"column":27}}},"4":{"name":"(anonymous_4)","line":12,"loc":{"start":{"line":12,"column":16},"end":{"line":12,"column":36}}},"5":{"name":"(anonymous_5)","line":20,"loc":{"start":{"line":20,"column":9},"end":{"line":20,"column":28}}},"6":{"name":"(anonymous_6)","line":30,"loc":{"start":{"line":30,"column":11},"end":{"line":30,"column":30}}},"7":{"name":"bboxPoint","line":34,"loc":{"start":{"line":34,"column":2},"end":{"line":34,"column":24}}},"8":{"name":"bboxGeometry","line":42,"loc":{"start":{"line":42,"column":2},"end":{"line":42,"column":27}}},"9":{"name":"(anonymous_9)","line":50,"loc":{"start":{"line":50,"column":24},"end":{"line":50,"column":38}}},"10":{"name":"(anonymous_10)","line":68,"loc":{"start":{"line":68,"column":14},"end":{"line":68,"column":33}}},"11":{"name":"(anonymous_11)","line":73,"loc":{"start":{"line":73,"column":14},"end":{"line":73,"column":36}}},"12":{"name":"(anonymous_12)","line":75,"loc":{"start":{"line":75,"column":63},"end":{"line":75,"column":75}}},"13":{"name":"feature$1","line":79,"loc":{"start":{"line":79,"column":0},"end":{"line":79,"column":32}}},"14":{"name":"object","line":89,"loc":{"start":{"line":89,"column":0},"end":{"line":89,"column":29}}},"15":{"name":"arc","line":93,"loc":{"start":{"line":93,"column":2},"end":{"line":93,"column":26}}},"16":{"name":"point","line":101,"loc":{"start":{"line":101,"column":2},"end":{"line":101,"column":20}}},"17":{"name":"line","line":105,"loc":{"start":{"line":105,"column":2},"end":{"line":105,"column":22}}},"18":{"name":"ring","line":112,"loc":{"start":{"line":112,"column":2},"end":{"line":112,"column":22}}},"19":{"name":"polygon","line":118,"loc":{"start":{"line":118,"column":2},"end":{"line":118,"column":25}}},"20":{"name":"geometry","line":122,"loc":{"start":{"line":122,"column":2},"end":{"line":122,"column":23}}},"21":{"name":"(anonymous_21)","line":140,"loc":{"start":{"line":140,"column":13},"end":{"line":140,"column":38}}},"22":{"name":"(anonymous_22)","line":148,"loc":{"start":{"line":148,"column":15},"end":{"line":148,"column":30}}},"23":{"name":"(anonymous_23)","line":155,"loc":{"start":{"line":155,"column":15},"end":{"line":155,"column":27}}},"24":{"name":"ends","line":189,"loc":{"start":{"line":189,"column":2},"end":{"line":189,"column":19}}},"25":{"name":"(anonymous_25)","line":191,"loc":{"start":{"line":191,"column":53},"end":{"line":191,"column":66}}},"26":{"name":"flush","line":196,"loc":{"start":{"line":196,"column":2},"end":{"line":196,"column":49}}},"27":{"name":"(anonymous_27)","line":202,"loc":{"start":{"line":202,"column":16},"end":{"line":202,"column":28}}},"28":{"name":"(anonymous_28)","line":209,"loc":{"start":{"line":209,"column":15},"end":{"line":209,"column":27}}},"29":{"name":"(anonymous_29)","line":214,"loc":{"start":{"line":214,"column":11},"end":{"line":214,"column":30}}},"30":{"name":"meshArcs","line":218,"loc":{"start":{"line":218,"column":0},"end":{"line":218,"column":47}}},"31":{"name":"extractArcs","line":225,"loc":{"start":{"line":225,"column":0},"end":{"line":225,"column":50}}},"32":{"name":"extract0","line":230,"loc":{"start":{"line":230,"column":2},"end":{"line":230,"column":23}}},"33":{"name":"extract1","line":235,"loc":{"start":{"line":235,"column":2},"end":{"line":235,"column":26}}},"34":{"name":"extract2","line":239,"loc":{"start":{"line":239,"column":2},"end":{"line":239,"column":26}}},"35":{"name":"extract3","line":243,"loc":{"start":{"line":243,"column":2},"end":{"line":243,"column":26}}},"36":{"name":"geometry","line":247,"loc":{"start":{"line":247,"column":2},"end":{"line":247,"column":23}}},"37":{"name":"(anonymous_37)","line":259,"loc":{"start":{"line":259,"column":8},"end":{"line":259,"column":24}}},"38":{"name":"(anonymous_38)","line":260,"loc":{"start":{"line":260,"column":8},"end":{"line":260,"column":24}}},"39":{"name":"planarRingArea","line":265,"loc":{"start":{"line":265,"column":0},"end":{"line":265,"column":30}}},"40":{"name":"(anonymous_40)","line":271,"loc":{"start":{"line":271,"column":12},"end":{"line":271,"column":31}}},"41":{"name":"mergeArcs","line":275,"loc":{"start":{"line":275,"column":0},"end":{"line":275,"column":38}}},"42":{"name":"geometry","line":282,"loc":{"start":{"line":282,"column":2},"end":{"line":282,"column":23}}},"43":{"name":"extract","line":290,"loc":{"start":{"line":290,"column":2},"end":{"line":290,"column":28}}},"44":{"name":"(anonymous_44)","line":291,"loc":{"start":{"line":291,"column":20},"end":{"line":291,"column":35}}},"45":{"name":"(anonymous_45)","line":292,"loc":{"start":{"line":292,"column":19},"end":{"line":292,"column":33}}},"46":{"name":"area","line":299,"loc":{"start":{"line":299,"column":2},"end":{"line":299,"column":22}}},"47":{"name":"(anonymous_47)","line":303,"loc":{"start":{"line":303,"column":19},"end":{"line":303,"column":37}}},"48":{"name":"(anonymous_48)","line":311,"loc":{"start":{"line":311,"column":24},"end":{"line":311,"column":39}}},"49":{"name":"(anonymous_49)","line":312,"loc":{"start":{"line":312,"column":23},"end":{"line":312,"column":37}}},"50":{"name":"(anonymous_50)","line":313,"loc":{"start":{"line":313,"column":56},"end":{"line":313,"column":74}}},"51":{"name":"(anonymous_51)","line":325,"loc":{"start":{"line":325,"column":19},"end":{"line":325,"column":37}}},"52":{"name":"(anonymous_52)","line":331,"loc":{"start":{"line":331,"column":21},"end":{"line":331,"column":40}}},"53":{"name":"(anonymous_53)","line":335,"loc":{"start":{"line":335,"column":23},"end":{"line":335,"column":41}}},"54":{"name":"(anonymous_54)","line":336,"loc":{"start":{"line":336,"column":24},"end":{"line":336,"column":39}}},"55":{"name":"(anonymous_55)","line":337,"loc":{"start":{"line":337,"column":23},"end":{"line":337,"column":37}}},"56":{"name":"(anonymous_56)","line":364,"loc":{"start":{"line":364,"column":13},"end":{"line":364,"column":28}}},"57":{"name":"(anonymous_57)","line":374,"loc":{"start":{"line":374,"column":16},"end":{"line":374,"column":34}}},"58":{"name":"(anonymous_58)","line":376,"loc":{"start":{"line":376,"column":30},"end":{"line":376,"column":41}}},"59":{"name":"line","line":378,"loc":{"start":{"line":378,"column":2},"end":{"line":378,"column":25}}},"60":{"name":"(anonymous_60)","line":379,"loc":{"start":{"line":379,"column":17},"end":{"line":379,"column":29}}},"61":{"name":"polygon","line":387,"loc":{"start":{"line":387,"column":2},"end":{"line":387,"column":28}}},"62":{"name":"(anonymous_62)","line":388,"loc":{"start":{"line":388,"column":17},"end":{"line":388,"column":31}}},"63":{"name":"geometry","line":391,"loc":{"start":{"line":391,"column":2},"end":{"line":391,"column":26}}},"64":{"name":"(anonymous_64)","line":392,"loc":{"start":{"line":392,"column":62},"end":{"line":392,"column":74}}},"65":{"name":"(anonymous_65)","line":400,"loc":{"start":{"line":400,"column":18},"end":{"line":400,"column":36}}},"66":{"name":"(anonymous_66)","line":400,"loc":{"start":{"line":400,"column":51},"end":{"line":400,"column":65}}},"67":{"name":"(anonymous_67)","line":418,"loc":{"start":{"line":418,"column":18},"end":{"line":418,"column":38}}},"68":{"name":"(anonymous_68)","line":426,"loc":{"start":{"line":426,"column":9},"end":{"line":426,"column":28}}},"69":{"name":"(anonymous_69)","line":440,"loc":{"start":{"line":440,"column":15},"end":{"line":440,"column":45}}},"70":{"name":"quantizePoint","line":454,"loc":{"start":{"line":454,"column":2},"end":{"line":454,"column":32}}},"71":{"name":"quantizeGeometry","line":458,"loc":{"start":{"line":458,"column":2},"end":{"line":458,"column":35}}},"72":{"name":"quantizeArc","line":472,"loc":{"start":{"line":472,"column":2},"end":{"line":472,"column":30}}}},"statementMap":{"1":{"start":{"line":2,"column":0},"end":{"line":505,"column":5}},"2":{"start":{"line":3,"column":1},"end":{"line":5,"column":54}},"3":{"start":{"line":8,"column":0},"end":{"line":10,"column":2}},"4":{"start":{"line":9,"column":2},"end":{"line":9,"column":11}},"5":{"start":{"line":12,"column":0},"end":{"line":28,"column":2}},"6":{"start":{"line":13,"column":2},"end":{"line":13,"column":41}},"7":{"start":{"line":13,"column":25},"end":{"line":13,"column":41}},"8":{"start":{"line":14,"column":2},"end":{"line":19,"column":34}},"9":{"start":{"line":20,"column":2},"end":{"line":27,"column":4}},"10":{"start":{"line":21,"column":4},"end":{"line":21,"column":24}},"11":{"start":{"line":21,"column":12},"end":{"line":21,"column":24}},"12":{"start":{"line":22,"column":4},"end":{"line":22,"column":55}},"13":{"start":{"line":23,"column":4},"end":{"line":23,"column":43}},"14":{"start":{"line":24,"column":4},"end":{"line":24,"column":43}},"15":{"start":{"line":25,"column":4},"end":{"line":25,"column":44}},"16":{"start":{"line":25,"column":18},"end":{"line":25,"column":44}},"17":{"start":{"line":26,"column":4},"end":{"line":26,"column":18}},"18":{"start":{"line":30,"column":0},"end":{"line":66,"column":2}},"19":{"start":{"line":31,"column":2},"end":{"line":32,"column":49}},"20":{"start":{"line":34,"column":2},"end":{"line":40,"column":3}},"21":{"start":{"line":35,"column":4},"end":{"line":35,"column":13}},"22":{"start":{"line":36,"column":4},"end":{"line":36,"column":29}},"23":{"start":{"line":36,"column":19},"end":{"line":36,"column":29}},"24":{"start":{"line":37,"column":4},"end":{"line":37,"column":29}},"25":{"start":{"line":37,"column":19},"end":{"line":37,"column":29}},"26":{"start":{"line":38,"column":4},"end":{"line":38,"column":29}},"27":{"start":{"line":38,"column":19},"end":{"line":38,"column":29}},"28":{"start":{"line":39,"column":4},"end":{"line":39,"column":29}},"29":{"start":{"line":39,"column":19},"end":{"line":39,"column":29}},"30":{"start":{"line":42,"column":2},"end":{"line":48,"column":3}},"31":{"start":{"line":43,"column":4},"end":{"line":47,"column":5}},"32":{"start":{"line":44,"column":33},"end":{"line":44,"column":68}},"33":{"start":{"line":44,"column":69},"end":{"line":44,"column":75}},"34":{"start":{"line":45,"column":20},"end":{"line":45,"column":45}},"35":{"start":{"line":45,"column":46},"end":{"line":45,"column":52}},"36":{"start":{"line":46,"column":25},"end":{"line":46,"column":58}},"37":{"start":{"line":46,"column":59},"end":{"line":46,"column":65}},"38":{"start":{"line":50,"column":2},"end":{"line":59,"column":5}},"39":{"start":{"line":51,"column":4},"end":{"line":51,"column":34}},"40":{"start":{"line":52,"column":4},"end":{"line":58,"column":5}},"41":{"start":{"line":53,"column":6},"end":{"line":53,"column":23}},"42":{"start":{"line":54,"column":6},"end":{"line":54,"column":31}},"43":{"start":{"line":54,"column":21},"end":{"line":54,"column":31}},"44":{"start":{"line":55,"column":6},"end":{"line":55,"column":31}},"45":{"start":{"line":55,"column":21},"end":{"line":55,"column":31}},"46":{"start":{"line":56,"column":6},"end":{"line":56,"column":31}},"47":{"start":{"line":56,"column":21},"end":{"line":56,"column":31}},"48":{"start":{"line":57,"column":6},"end":{"line":57,"column":31}},"49":{"start":{"line":57,"column":21},"end":{"line":57,"column":31}},"50":{"start":{"line":61,"column":2},"end":{"line":63,"column":3}},"51":{"start":{"line":62,"column":4},"end":{"line":62,"column":40}},"52":{"start":{"line":65,"column":2},"end":{"line":65,"column":26}},"53":{"start":{"line":68,"column":0},"end":{"line":71,"column":2}},"54":{"start":{"line":69,"column":2},"end":{"line":69,"column":37}},"55":{"start":{"line":70,"column":2},"end":{"line":70,"column":68}},"56":{"start":{"line":70,"column":18},"end":{"line":70,"column":68}},"57":{"start":{"line":73,"column":0},"end":{"line":77,"column":2}},"58":{"start":{"line":74,"column":2},"end":{"line":76,"column":31}},"59":{"start":{"line":75,"column":77},"end":{"line":75,"column":107}},"60":{"start":{"line":79,"column":0},"end":{"line":87,"column":1}},"61":{"start":{"line":80,"column":2},"end":{"line":83,"column":37}},"62":{"start":{"line":84,"column":2},"end":{"line":86,"column":90}},"63":{"start":{"line":89,"column":0},"end":{"line":138,"column":1}},"64":{"start":{"line":90,"column":2},"end":{"line":91,"column":27}},"65":{"start":{"line":93,"column":2},"end":{"line":99,"column":3}},"66":{"start":{"line":94,"column":4},"end":{"line":94,"column":36}},"67":{"start":{"line":94,"column":23},"end":{"line":94,"column":36}},"68":{"start":{"line":95,"column":4},"end":{"line":97,"column":5}},"69":{"start":{"line":96,"column":6},"end":{"line":96,"column":43}},"70":{"start":{"line":98,"column":4},"end":{"line":98,"column":34}},"71":{"start":{"line":98,"column":15},"end":{"line":98,"column":34}},"72":{"start":{"line":101,"column":2},"end":{"line":103,"column":3}},"73":{"start":{"line":102,"column":4},"end":{"line":102,"column":29}},"74":{"start":{"line":105,"column":2},"end":{"line":110,"column":3}},"75":{"start":{"line":106,"column":4},"end":{"line":106,"column":20}},"76":{"start":{"line":107,"column":4},"end":{"line":107,"column":70}},"77":{"start":{"line":107,"column":49},"end":{"line":107,"column":70}},"78":{"start":{"line":108,"column":4},"end":{"line":108,"column":50}},"79":{"start":{"line":108,"column":27},"end":{"line":108,"column":50}},"80":{"start":{"line":109,"column":4},"end":{"line":109,"column":18}},"81":{"start":{"line":112,"column":2},"end":{"line":116,"column":3}},"82":{"start":{"line":113,"column":4},"end":{"line":113,"column":28}},"83":{"start":{"line":114,"column":4},"end":{"line":114,"column":53}},"84":{"start":{"line":114,"column":30},"end":{"line":114,"column":53}},"85":{"start":{"line":115,"column":4},"end":{"line":115,"column":18}},"86":{"start":{"line":118,"column":2},"end":{"line":120,"column":3}},"87":{"start":{"line":119,"column":4},"end":{"line":119,"column":26}},"88":{"start":{"line":122,"column":2},"end":{"line":135,"column":3}},"89":{"start":{"line":123,"column":4},"end":{"line":123,"column":35}},"90":{"start":{"line":124,"column":4},"end":{"line":133,"column":5}},"91":{"start":{"line":125,"column":33},"end":{"line":125,"column":93}},"92":{"start":{"line":126,"column":20},"end":{"line":126,"column":55}},"93":{"start":{"line":126,"column":56},"end":{"line":126,"column":62}},"94":{"start":{"line":127,"column":25},"end":{"line":127,"column":64}},"95":{"start":{"line":127,"column":65},"end":{"line":127,"column":71}},"96":{"start":{"line":128,"column":25},"end":{"line":128,"column":52}},"97":{"start":{"line":128,"column":53},"end":{"line":128,"column":59}},"98":{"start":{"line":129,"column":30},"end":{"line":129,"column":61}},"99":{"start":{"line":129,"column":62},"end":{"line":129,"column":68}},"100":{"start":{"line":130,"column":22},"end":{"line":130,"column":52}},"101":{"start":{"line":130,"column":53},"end":{"line":130,"column":59}},"102":{"start":{"line":131,"column":27},"end":{"line":131,"column":61}},"103":{"start":{"line":131,"column":62},"end":{"line":131,"column":68}},"104":{"start":{"line":132,"column":15},"end":{"line":132,"column":27}},"105":{"start":{"line":134,"column":4},"end":{"line":134,"column":50}},"106":{"start":{"line":137,"column":2},"end":{"line":137,"column":21}},"107":{"start":{"line":140,"column":0},"end":{"line":212,"column":2}},"108":{"start":{"line":141,"column":2},"end":{"line":145,"column":22}},"109":{"start":{"line":148,"column":2},"end":{"line":153,"column":5}},"110":{"start":{"line":149,"column":4},"end":{"line":149,"column":47}},"111":{"start":{"line":150,"column":4},"end":{"line":152,"column":5}},"112":{"start":{"line":151,"column":6},"end":{"line":151,"column":64}},"113":{"start":{"line":155,"column":2},"end":{"line":187,"column":5}},"114":{"start":{"line":156,"column":4},"end":{"line":159,"column":13}},"115":{"start":{"line":161,"column":4},"end":{"line":186,"column":5}},"116":{"start":{"line":162,"column":6},"end":{"line":162,"column":34}},"117":{"start":{"line":163,"column":6},"end":{"line":163,"column":16}},"118":{"start":{"line":164,"column":6},"end":{"line":164,"column":18}},"119":{"start":{"line":165,"column":6},"end":{"line":171,"column":7}},"120":{"start":{"line":166,"column":8},"end":{"line":166,"column":40}},"121":{"start":{"line":167,"column":8},"end":{"line":167,"column":43}},"122":{"start":{"line":168,"column":8},"end":{"line":168,"column":81}},"123":{"start":{"line":170,"column":8},"end":{"line":170,"column":60}},"124":{"start":{"line":172,"column":11},"end":{"line":186,"column":5}},"125":{"start":{"line":173,"column":6},"end":{"line":173,"column":38}},"126":{"start":{"line":174,"column":6},"end":{"line":174,"column":19}},"127":{"start":{"line":175,"column":6},"end":{"line":175,"column":22}},"128":{"start":{"line":176,"column":6},"end":{"line":182,"column":7}},"129":{"start":{"line":177,"column":8},"end":{"line":177,"column":36}},"130":{"start":{"line":178,"column":8},"end":{"line":178,"column":43}},"131":{"start":{"line":179,"column":8},"end":{"line":179,"column":81}},"132":{"start":{"line":181,"column":8},"end":{"line":181,"column":60}},"133":{"start":{"line":184,"column":6},"end":{"line":184,"column":14}},"134":{"start":{"line":185,"column":6},"end":{"line":185,"column":72}},"135":{"start":{"line":189,"column":2},"end":{"line":194,"column":3}},"136":{"start":{"line":190,"column":4},"end":{"line":190,"column":61}},"137":{"start":{"line":191,"column":4},"end":{"line":192,"column":34}},"138":{"start":{"line":191,"column":28},"end":{"line":191,"column":103}},"139":{"start":{"line":191,"column":68},"end":{"line":191,"column":99}},"140":{"start":{"line":192,"column":9},"end":{"line":192,"column":34}},"141":{"start":{"line":193,"column":4},"end":{"line":193,"column":39}},"142":{"start":{"line":196,"column":2},"end":{"line":205,"column":3}},"143":{"start":{"line":197,"column":4},"end":{"line":204,"column":5}},"144":{"start":{"line":198,"column":6},"end":{"line":198,"column":31}},"145":{"start":{"line":199,"column":6},"end":{"line":199,"column":38}},"146":{"start":{"line":200,"column":6},"end":{"line":200,"column":21}},"147":{"start":{"line":201,"column":6},"end":{"line":201,"column":19}},"148":{"start":{"line":202,"column":6},"end":{"line":202,"column":67}},"149":{"start":{"line":202,"column":30},"end":{"line":202,"column":63}},"150":{"start":{"line":203,"column":6},"end":{"line":203,"column":24}},"151":{"start":{"line":207,"column":2},"end":{"line":207,"column":40}},"152":{"start":{"line":208,"column":2},"end":{"line":208,"column":40}},"153":{"start":{"line":209,"column":2},"end":{"line":209,"column":88}},"154":{"start":{"line":209,"column":29},"end":{"line":209,"column":84}},"155":{"start":{"line":209,"column":64},"end":{"line":209,"column":84}},"156":{"start":{"line":211,"column":2},"end":{"line":211,"column":19}},"157":{"start":{"line":214,"column":0},"end":{"line":216,"column":2}},"158":{"start":{"line":215,"column":2},"end":{"line":215,"column":59}},"159":{"start":{"line":218,"column":0},"end":{"line":223,"column":1}},"160":{"start":{"line":219,"column":2},"end":{"line":219,"column":17}},"161":{"start":{"line":220,"column":2},"end":{"line":221,"column":87}},"162":{"start":{"line":220,"column":28},"end":{"line":220,"column":76}},"163":{"start":{"line":221,"column":7},"end":{"line":221,"column":87}},"164":{"start":{"line":221,"column":75},"end":{"line":221,"column":87}},"165":{"start":{"line":222,"column":2},"end":{"line":222,"column":65}},"166":{"start":{"line":225,"column":0},"end":{"line":263,"column":1}},"167":{"start":{"line":226,"column":2},"end":{"line":228,"column":11}},"168":{"start":{"line":230,"column":2},"end":{"line":233,"column":3}},"169":{"start":{"line":231,"column":4},"end":{"line":231,"column":27}},"170":{"start":{"line":232,"column":4},"end":{"line":232,"column":66}},"171":{"start":{"line":235,"column":2},"end":{"line":237,"column":3}},"172":{"start":{"line":236,"column":4},"end":{"line":236,"column":27}},"173":{"start":{"line":239,"column":2},"end":{"line":241,"column":3}},"174":{"start":{"line":240,"column":4},"end":{"line":240,"column":27}},"175":{"start":{"line":243,"column":2},"end":{"line":245,"column":3}},"176":{"start":{"line":244,"column":4},"end":{"line":244,"column":27}},"177":{"start":{"line":247,"column":2},"end":{"line":254,"column":3}},"178":{"start":{"line":248,"column":4},"end":{"line":253,"column":5}},"179":{"start":{"line":249,"column":33},"end":{"line":249,"column":64}},"180":{"start":{"line":249,"column":65},"end":{"line":249,"column":71}},"181":{"start":{"line":250,"column":25},"end":{"line":250,"column":42}},"182":{"start":{"line":250,"column":43},"end":{"line":250,"column":49}},"183":{"start":{"line":251,"column":46},"end":{"line":251,"column":63}},"184":{"start":{"line":251,"column":64},"end":{"line":251,"column":70}},"185":{"start":{"line":252,"column":27},"end":{"line":252,"column":44}},"186":{"start":{"line":252,"column":45},"end":{"line":252,"column":51}},"187":{"start":{"line":256,"column":2},"end":{"line":256,"column":22}},"188":{"start":{"line":258,"column":2},"end":{"line":260,"column":103}},"189":{"start":{"line":259,"column":26},"end":{"line":259,"column":48}},"190":{"start":{"line":260,"column":26},"end":{"line":260,"column":99}},"191":{"start":{"line":260,"column":77},"end":{"line":260,"column":99}},"192":{"start":{"line":262,"column":2},"end":{"line":262,"column":14}},"193":{"start":{"line":265,"column":0},"end":{"line":269,"column":1}},"194":{"start":{"line":266,"column":2},"end":{"line":266,"column":60}},"195":{"start":{"line":267,"column":2},"end":{"line":267,"column":72}},"196":{"start":{"line":267,"column":18},"end":{"line":267,"column":72}},"197":{"start":{"line":268,"column":2},"end":{"line":268,"column":24}},"198":{"start":{"line":271,"column":0},"end":{"line":273,"column":2}},"199":{"start":{"line":272,"column":2},"end":{"line":272,"column":60}},"200":{"start":{"line":275,"column":0},"end":{"line":362,"column":1}},"201":{"start":{"line":276,"column":2},"end":{"line":278,"column":18}},"202":{"start":{"line":280,"column":2},"end":{"line":280,"column":28}},"203":{"start":{"line":282,"column":2},"end":{"line":288,"column":3}},"204":{"start":{"line":283,"column":4},"end":{"line":287,"column":5}},"205":{"start":{"line":284,"column":33},"end":{"line":284,"column":64}},"206":{"start":{"line":284,"column":65},"end":{"line":284,"column":71}},"207":{"start":{"line":285,"column":22},"end":{"line":285,"column":38}},"208":{"start":{"line":285,"column":39},"end":{"line":285,"column":45}},"209":{"start":{"line":286,"column":27},"end":{"line":286,"column":51}},"210":{"start":{"line":286,"column":52},"end":{"line":286,"column":58}},"211":{"start":{"line":290,"column":2},"end":{"line":297,"column":3}},"212":{"start":{"line":291,"column":4},"end":{"line":295,"column":7}},"213":{"start":{"line":292,"column":6},"end":{"line":294,"column":9}},"214":{"start":{"line":293,"column":8},"end":{"line":293,"column":95}},"215":{"start":{"line":296,"column":4},"end":{"line":296,"column":27}},"216":{"start":{"line":299,"column":2},"end":{"line":301,"column":3}},"217":{"start":{"line":300,"column":4},"end":{"line":300,"column":92}},"218":{"start":{"line":303,"column":2},"end":{"line":323,"column":5}},"219":{"start":{"line":304,"column":4},"end":{"line":322,"column":5}},"220":{"start":{"line":305,"column":6},"end":{"line":306,"column":32}},"221":{"start":{"line":307,"column":6},"end":{"line":307,"column":20}},"222":{"start":{"line":308,"column":6},"end":{"line":308,"column":25}},"223":{"start":{"line":309,"column":6},"end":{"line":321,"column":7}},"224":{"start":{"line":310,"column":8},"end":{"line":310,"column":28}},"225":{"start":{"line":311,"column":8},"end":
[...]
30,"column":81},"end":{"line":230,"column":85}}]},"37":{"line":238,"type":"if","locations":[{"start":{"line":238,"column":6},"end":{"line":238,"column":6}},{"start":{"line":238,"column":6},"end":{"line":238,"column":6}}]},"38":{"line":250,"type":"if","locations":[{"start":{"line":250,"column":6},"end":{"line":250,"column":6}},{"start":{"line":250,"column":6},"end":{"line":250,"column":6}}]},"39":{"line":250,"type":"binary-expr","locations":[{"start":{"line":250,"column":10},"end":{"line":250,"column":18}},{"start":{"line":250,"column":22},"end":{"line":250,"column":50}}]},"40":{"line":251,"type":"if","locations":[{"start":{"line":251,"column":6},"end":{"line":251,"column":6}},{"start":{"line":251,"column":6},"end":{"line":251,"column":6}}]},"41":{"line":251,"type":"binary-expr","locations":[{"start":{"line":251,"column":10},"end":{"line":251,"column":18}},{"start":{"line":251,"column":22},"end":{"line":251,"column":50}}]},"42":{"line":252,"type":"if","locations":[{"start":{"line":252,"column":6},"end":{"line":252,"column":6}},{"start":{"line":252,"column":6},"end":{"line":252,"column":6}}]},"43":{"line":266,"type":"cond-expr","locations":[{"start":{"line":266,"column":35},"end":{"line":266,"column":79}},{"start":{"line":266,"column":82},"end":{"line":266,"column":86}}]},"44":{"line":269,"type":"if","locations":[{"start":{"line":269,"column":2},"end":{"line":269,"column":2}},{"start":{"line":269,"column":2},"end":{"line":269,"column":2}}]},"45":{"line":304,"type":"if","locations":[{"start":{"line":304,"column":6},"end":{"line":304,"column":6}},{"start":{"line":304,"column":6},"end":{"line":304,"column":6}}]},"46":{"line":307,"type":"if","locations":[{"start":{"line":307,"column":6},"end":{"line":307,"column":6}},{"start":{"line":307,"column":6},"end":{"line":307,"column":6}}]},"47":{"line":313,"type":"if","locations":[{"start":{"line":313,"column":6},"end":{"line":313,"column":6}},{"start":{"line":313,"column":6},"end":{"line":313,"column":6}}]},"48":{"line":342,"type":"if","locations":[{"start":{"line":342,"column":6},"end":{"line":342,"column":6}},{"start":{"line":342,"column":6},"end":{"line":342,"column":6}}]},"49":{"line":348,"type":"binary-expr","locations":[{"start":{"line":348,"column":9},"end":{"line":348,"column":21}},{"start":{"line":348,"column":25},"end":{"line":348,"column":62}}]},"50":{"line":352,"type":"if","locations":[{"start":{"line":352,"column":2},"end":{"line":352,"column":2}},{"start":{"line":352,"column":2},"end":{"line":352,"column":2}}]},"51":{"line":353,"type":"if","locations":[{"start":{"line":353,"column":2},"end":{"line":353,"column":2}},{"start":{"line":353,"column":2},"end":{"line":353,"column":2}}]},"52":{"line":353,"type":"binary-expr","locations":[{"start":{"line":353,"column":6},"end":{"line":353,"column":19}},{"start":{"line":353,"column":23},"end":{"line":353,"column":28}}]},"53":{"line":354,"type":"if","locations":[{"start":{"line":354,"column":2},"end":{"line":354,"column":2}},{"start":{"line":354,"column":2},"end":{"line":354,"column":2}}]},"54":{"line":368,"type":"cond-expr","locations":[{"start":{"line":368,"column":34},"end":{"line":368,"column":50}},{"start":{"line":368,"column":53},"end":{"line":368,"column":63}}]},"55":{"line":379,"type":"if","locations":[{"start":{"line":379,"column":6},"end":{"line":379,"column":6}},{"start":{"line":379,"column":6},"end":{"line":379,"column":6}}]},"56":{"line":409,"type":"cond-expr","locations":[{"start":{"line":409,"column":28},"end":{"line":409,"column":31}},{"start":{"line":409,"column":34},"end":{"line":409,"column":39}}]},"57":{"line":427,"type":"cond-expr","locations":[{"start":{"line":427,"column":34},"end":{"line":427,"column":35}},{"start":{"line":427,"column":38},"end":{"line":427,"column":40}}]},"58":{"line":440,"type":"if","locations":[{"start":{"line":440,"column":2},"end":{"line":440,"column":2}},{"start":{"line":440,"column":2},"end":{"line":440,"column":2}}]},"59":{"line":441,"type":"cond-expr","locations":[{"start":{"line":441,"column":20},"end":{"line":441,"column":29}},{"start":{"line":441,"column":32},"end":{"line":441,"column":35}}]},"60":{"line":446,"type":"cond-expr","locations":[{"start":{"line":446,"column":20},"end":{"line":446,"column":29}},{"start":{"line":446,"column":32},"end":{"line":446,"column":35}}]}},"code":["// https://github.com/topojson/topojson-simplify Version 3.0.0. Copyright 2017 Mike Bostock.","(function (global, factory) {","\ttypeof exports === 'object' && typeof module !== 'undefined' ? factory(exports, require('topojson-client')) :","\ttypeof define === 'function' && define.amd ? define(['exports', 'topojson-client'], factory) :","\t(factory((global.topojson = global.topojson || {}),global.topojson));","}(this, (function (exports,topojsonClient) { 'use strict';","","var prune = function(topology) {","  var oldObjects = topology.objects,","      newObjects = {},","      oldArcs = topology.arcs,","      newArcs = [],","      newArcIndex = -1,","      newIndexByOldIndex = new Array(oldArcs.length),","      key;","","  function pruneGeometry(input) {","    var output;","    switch (input.type) {","      case \"GeometryCollection\": output = {type: \"GeometryCollection\", geometries: input.geometries.map(pruneGeometry)}; break;","      case \"LineString\": output = {type: \"LineString\", arcs: pruneArcs(input.arcs)}; break;","      case \"MultiLineString\": output = {type: \"MultiLineString\", arcs: input.arcs.map(pruneArcs)}; break;","      case \"Polygon\": output = {type: \"Polygon\", arcs: input.arcs.map(pruneArcs)}; break;","      case \"MultiPolygon\": output = {type: \"MultiPolygon\", arcs: input.arcs.map(pruneMultiArcs)}; break;","      default: return input;","    }","    if (input.id != null) output.id = input.id;","    if (input.bbox != null) output.bbox = input.bbox;","    if (input.properties != null) output.properties = input.properties;","    return output;","  }","","  function pruneArc(oldIndex) {","    var oldReverse = oldIndex < 0 && (oldIndex = ~oldIndex, true), newIndex;","","    // If this is the first instance of this arc, record it under its new index.","    if ((newIndex = newIndexByOldIndex[oldIndex]) == null) {","      newIndexByOldIndex[oldIndex] = newIndex = ++newArcIndex;","      newArcs[newIndex] = oldArcs[oldIndex];","    }","","    return oldReverse ? ~newIndex : newIndex;","  }","","  function pruneArcs(arcs) {","    return arcs.map(pruneArc);","  }","","  function pruneMultiArcs(arcs) {","    return arcs.map(pruneArcs);","  }","","  for (key in oldObjects) {","    newObjects[key] = pruneGeometry(oldObjects[key]);","  }","","  return {","    type: \"Topology\",","    bbox: topology.bbox,","    transform: topology.transform,","    objects: newObjects,","    arcs: newArcs","  };","};","","var filter = function(topology, filter) {","  var oldObjects = topology.objects,","      newObjects = {},","      key;","","  if (filter == null) filter = filterTrue;","","  function filterGeometry(input) {","    var output, arcs;","    switch (input.type) {","      case \"Polygon\": {","        arcs = filterRings(input.arcs);","        output = arcs ? {type: \"Polygon\", arcs: arcs} : {type: null};","        break;","      }","      case \"MultiPolygon\": {","        arcs = input.arcs.map(filterRings).filter(filterIdentity);","        output = arcs.length ? {type: \"MultiPolygon\", arcs: arcs} : {type: null};","        break;","      }","      case \"GeometryCollection\": {","        arcs = input.geometries.map(filterGeometry).filter(filterNotNull);","        output = arcs.length ? {type: \"GeometryCollection\", geometries: arcs} : {type: null};","        break;","      }","      default: return input;","    }","    if (input.id != null) output.id = input.id;","    if (input.bbox != null) output.bbox = input.bbox;","    if (input.properties != null) output.properties = input.properties;","    return output;","  }","","  function filterRings(arcs) {","    return arcs.length && filterExteriorRing(arcs[0]) // if the exterior is small, ignore any holes","        ? [arcs[0]].concat(arcs.slice(1).filter(filterInteriorRing))","        : null;","  }","","  function filterExteriorRing(ring) {","    return filter(ring, false);","  }","","  function filterInteriorRing(ring) {","    return filter(ring, true);","  }","","  for (key in oldObjects) {","    newObjects[key] = filterGeometry(oldObjects[key]);","  }","","  return prune({","    type: \"Topology\",","    bbox: topology.bbox,","    transform: topology.transform,","    objects: newObjects,","    arcs: topology.arcs","  });","};","","function filterTrue() {","  return true;","}","","function filterIdentity(x) {","  return x;","}","","function filterNotNull(geometry) {","  return geometry.type != null;","}","","var filterAttached = function(topology) {","  var uniqueRingByArc = {}, // arc index -> index of unique associated ring, or -1 if used by multiple rings","      ringIndex = 0,","      name;","","  function testGeometry(o) {","    switch (o.type) {","      case \"GeometryCollection\": o.geometries.forEach(testGeometry); break;","      case \"Polygon\": testArcs(o.arcs); break;","      case \"MultiPolygon\": o.arcs.forEach(testArcs); break;","    }","  }","","  function testArcs(arcs) {","    for (var i = 0, n = arcs.length; i < n; ++i, ++ringIndex) {","      for (var ring = arcs[i], j = 0, m = ring.length; j < m; ++j) {","        var arc = ring[j];","        if (arc < 0) arc = ~arc;","        var uniqueRing = uniqueRingByArc[arc];","        if (uniqueRing >= 0 && uniqueRing !== ringIndex) uniqueRingByArc[arc] = -1;","        else uniqueRingByArc[arc] = ringIndex;","      }","    }","  }","","  for (name in topology.objects) {","    testGeometry(topology.objects[name]);","  }","","  return function(ring) {","    for (var j = 0, m = ring.length, arc; j < m; ++j) {","      if (arc = ring[j], uniqueRingByArc[arc < 0 ? ~arc : arc] < 0) {","        return true;","      }","    }","    return false;","  };","};","","function planarTriangleArea(triangle) {","  var a = triangle[0], b = triangle[1], c = triangle[2];","  return Math.abs((a[0] - c[0]) * (b[1] - a[1]) - (a[0] - b[0]) * (c[1] - a[1])) / 2;","}","","function planarRingArea(ring) {","  var i = -1, n = ring.length, a, b = ring[n - 1], area = 0;","  while (++i < n) a = b, b = ring[i], area += a[0] * b[1] - a[1] * b[0];","  return Math.abs(area) / 2;","}","","var filterWeight = function(topology, minWeight, weight) {","  minWeight = minWeight == null ? Number.MIN_VALUE : +minWeight;","","  if (weight == null) weight = planarRingArea;","","  return function(ring, interior) {","    return weight(topojsonClient.feature(topology, {type: \"Polygon\", arcs: [ring]}).geometry.coordinates[0], interior) >= minWeight;","  };","};","","var filterAttachedWeight = function(topology, minWeight, weight) {","  var a = filterAttached(topology),","      w = filterWeight(topology, minWeight, weight);","  return function(ring, interior) {","    return a(ring, interior) || w(ring, interior);","  };","};","","function compare(a, b) {","  return a[1][2] - b[1][2];","}","","var newHeap = function() {","  var heap = {},","      array = [],","      size = 0;","","  heap.push = function(object) {","    up(array[object._ = size] = object, size++);","    return size;","  };","","  heap.pop = function() {","    if (size <= 0) return;","    var removed = array[0], object;","    if (--size > 0) object = array[size], down(array[object._ = 0] = object, 0);","    return removed;","  };","","  heap.remove = function(removed) {","    var i = removed._, object;","    if (array[i] !== removed) return; // invalid request","    if (i !== --size) object = array[size], (compare(object, removed) < 0 ? up : down)(array[object._ = i] = object, i);","    return i;","  };","","  function up(object, i) {","    while (i > 0) {","      var j = ((i + 1) >> 1) - 1,","          parent = array[j];","      if (compare(object, parent) >= 0) break;","      array[parent._ = i] = parent;","      array[object._ = i = j] = object;","    }","  }","","  function down(object, i) {","    while (true) {","      var r = (i + 1) << 1,","          l = r - 1,","          j = i,","          child = array[j];","      if (l < size && compare(array[l], child) < 0) child = array[j = l];","      if (r < size && compare(array[r], child) < 0) child = array[j = r];","      if (j === i) break;","      array[child._ = i] = child;","      array[object._ = i = j] = object;","    }","  }","","  return heap;","};","","function copy(point) {","  return [point[0], point[1], 0];","}","","var presimplify = function(topology, weight) {","  var point = topology.transform ? topojsonClient.transform(topology.transform) : copy,","      heap = newHeap();","","  if (weight == null) weight = planarTriangleArea;","","  var arcs = topology.arcs.map(function(arc) {","    var triangles = [],","        maxWeight = 0,","        triangle,","        i,","        n;","","    arc = arc.map(point);","","    for (i = 1, n = arc.length - 1; i < n; ++i) {","      triangle = [arc[i - 1], arc[i], arc[i + 1]];","      triangle[1][2] = weight(triangle);","      triangles.push(triangle);","      heap.push(triangle);","    }","","    // Always keep the arc endpoints!","    arc[0][2] = arc[n][2] = Infinity;","","    for (i = 0, n = triangles.length; i < n; ++i) {","      triangle = triangles[i];","      triangle.previous = triangles[i - 1];","      triangle.next = triangles[i + 1];","    }","","    while (triangle = heap.pop()) {","      var previous = triangle.previous,","          next = triangle.next;","","      // If the weight of the current point is less than that of the previous","      // point to be eliminated, use the latter’s weight instead. This ensures","      // that the current point cannot be eliminated without eliminating","      // previously- eliminated points.","      if (triangle[1][2] < maxWeight) triangle[1][2] = maxWeight;","      else maxWeight = triangle[1][2];","","      if (previous) {","        previous.next = next;","        previous[2] = triangle[2];","        update(previous);","      }","","      if (next) {","        next.previous = previous;","        next[0] = triangle[0];","        update(next);","      }","    }","","    return arc;","  });","","  function update(triangle) {","    heap.remove(triangle);","    triangle[1][2] = weight(triangle);","    heap.push(triangle);","  }","","  return {","    type: \"Topology\",","    bbox: topology.bbox,","    objects: topology.objects,","    arcs: arcs","  };","};","","var quantile = function(topology, p) {","  var array = [];","","  topology.arcs.forEach(function(arc) {","    arc.forEach(function(point) {","      if (isFinite(point[2])) { // Ignore endpoints, whose weight is Infinity.","        array.push(point[2]);","      }","    });","  });","","  return array.length && quantile$1(array.sort(descending), p);","};","","function quantile$1(array, p) {","  if (!(n = array.length)) return;","  if ((p = +p) <= 0 || n < 2) return array[0];","  if (p >= 1) return array[n - 1];","  var n,","      h = (n - 1) * p,","      i = Math.floor(h),","      a = array[i],","      b = array[i + 1];","  return a + (b - a) * (h - i);","}","","function descending(a, b) {","  return b - a;","}","","var simplify = function(topology, minWeight) {","  minWeight = minWeight == null ? Number.MIN_VALUE : +minWeight;","","  // Remove points whose weight is less than the minimum weight.","  var arcs = topology.arcs.map(function(input) {","    var i = -1,","        j = 0,","        n = input.length,","        output = new Array(n), // pessimistic","        point;","","    while (++i < n) {","      if ((point = input[i])[2] >= minWeight) {","        output[j++] = [point[0], point[1]];","      }","    }","","    output.length = j;","    return output;","  });","","  return {","    type: \"Topology\",","    transform: topology.transform,","    bbox: topology.bbox,","    objects: topology.objects,","    arcs: arcs","  };","};","","var pi = Math.PI;","var tau = 2 * pi;","var quarterPi = pi / 4;","var radians = pi / 180;","var atan2 = Math.atan2;","var cos = Math.cos;","var sin = Math.sin;","","function halfArea(ring, closed) {","  var i = 0,","      n = ring.length,","      sum = 0,","      point = ring[closed ? i++ : n - 1],","      lambda0, lambda1 = point[0] * radians,","      phi1 = (point[1] * radians) / 2 + quarterPi,","      cosPhi0, cosPhi1 = cos(phi1),","      sinPhi0, sinPhi1 = sin(phi1);","","  for (; i < n; ++i) {","    point = ring[i];","    lambda0 = lambda1, lambda1 = point[0] * radians;","    phi1 = (point[1] * radians) / 2 + quarterPi;","    cosPhi0 = cosPhi1, cosPhi1 = cos(phi1);","    sinPhi0 = sinPhi1, sinPhi1 = sin(phi1);","","    // Spherical excess E for a spherical triangle with vertices: south pole,","    // previous point, current point.  Uses a formula derived from Cagnoli’s","    // theorem.  See Todhunter, Spherical Trig. (1871), Sec. 103, Eq. (2).","    // See https://github.com/d3/d3-geo/blob/master/README.md#geoArea","    var dLambda = lambda1 - lambda0,","        sdLambda = dLambda >= 0 ? 1 : -1,","        adLambda = sdLambda * dLambda,","        k = sinPhi0 * sinPhi1,","        u = cosPhi0 * cosPhi1 + k * cos(adLambda),","        v = k * sdLambda * sin(adLambda);","    sum += atan2(v, u);","  }","","  return sum;","}","","function sphericalRingArea(ring, interior) {","  var sum = halfArea(ring, true);","  if (interior) sum *= -1;","  return (sum < 0 ? tau + sum : sum) * 2;","}","","function sphericalTriangleArea(t) {","  var sum = halfArea(t, false);","  return (sum < 0 ? tau + sum : sum) * 2;","}","","exports.filter = filter;","exports.filterAttached = filterAttached;","exports.filterAttachedWeight = filterAttachedWeight;","exports.filterWeight = filterWeight;","exports.planarRingArea = planarRingArea;","exports.planarTriangleArea = planarTriangleArea;","exports.presimplify = presimplify;","exports.quantile = quantile;","exports.simplify = simplify;","exports.sphericalRingArea = sphericalRingArea;","exports.sphericalTriangleArea = sphericalTriangleArea;","","Object.defineProperty(exports, '__esModule', { value: true });","","})));",""],"l":{"2":1,"3":1,"8":1,"9":0,"17":1,"18":0,"19":0,"20":0,"21":0,"22":0,"23":0,"24":0,"25":0,"27":0,"28":0,"29":0,"30":0,"33":1,"34":0,"37":0,"38":0,"39":0,"42":0,"45":1,"46":0,"49":1,"50":0,"53":0,"54":0,"57":0,"66":1,"67":0,"71":0,"73":1,"74":0,"75":0,"77":0,"78":0,"79":0,"82":0,"83":0,"84":0,"87":0,"88":0,"89":0,"91":0,"93":0,"94":0,"95":0,"96":0,"99":1,"100":0,"105":1,"106":0,"109":1,"110":0,"113":0,"114":0,"117":0,"126":1,"127":0,"130":1,"131":0,"134":1,"135":0,"138":1,"139":0,"143":1,"144":0,"145":0,"146":0,"147":0,"151":1,"152":0,"153":0,"154":0,"155":0,"156":0,"157":0,"158":0,"163":0,"164":0,"167":0,"168":0,"169":0,"170":0,"173":0,"177":1,"178":0,"179":0,"182":1,"183":0,"184":0,"185":0,"188":1,"189":0,"191":0,"193":0,"194":0,"198":1,"199":0,"201":0,"202":0,"206":1,"207":0,"210":1,"211":0,"215":0,"216":0,"217":0,"220":0,"221":0,"222":0,"223":0,"224":0,"227":0,"228":0,"229":0,"230":0,"231":0,"234":1,"235":0,"236":0,"238":0,"239":0,"240":0,"244":1,"245":0,"246":0,"250":0,"251":0,"252":0,"253":0,"254":0,"258":0,"261":1,"262":0,"265":1,"266":0,"269":0,"271":0,"272":0,"278":0,"280":0,"281":0,"282":0,"283":0,"284":0,"288":0,"290":0,"291":0,"292":0,"293":0,"296":0,"297":0,"304":0,"305":0,"307":0,"308":0,"309":0,"310":0,"313":0,"314":0,"315":0,"316":0,"320":0,"323":1,"324":0,"325":0,"326":0,"329":0,"337":1,"338":0,"340":0,"341":0,"342":0,"343":0,"348":0,"351":1,"352":0,"353":0,"354":0,"355":0,"360":0,"363":1,"364":0,"367":1,"368":0,"371":0,"372":0,"378":0,"379":0,"380":0,"384":0,"385":0,"388":0,"397":1,"398":1,"399":1,"400":1,"401":1,"402":1,"403":1,"405":1,"406":0,"415":0,"416":0,"417":0,"418":0,"419":0,"420":0,"426":0,"432":0,"435":0,"438":1,"439":0,"440":0,"441":0,"444":1,"445":0,"446":0,"449":1,"450":1,"451":1,"452":1,"453":1,"454":1,"455":1,"456":1,"457":1,"458":1,"459":1,"461":1}}}